,number,value,datetime_start,datetime_complete,duration,params_precip_const_1,params_precip_const_2,params_precip_const_3,params_precip_const_4,params_precip_const_5,params_precip_const_6,params_precip_const_7,params_precip_const_8,params_precip_const_9,params_precip_const_10,params_precip_const_11,params_precip_const_12,state
0,0,35.87139101,48:34.2,49:04.5,0 days 00:00:30.279638,0.55,0.71,0.25,0.71,0.22,0.02,0.51,0.74,0.08,0.73,0.38,0.17,COMPLETE
1,1,35.87139101,49:04.5,50:49.2,0 days 00:01:44.778370,0.65,0.6,0.7,0.74,0.91,0.39,0.44,0.58,0.25,0.36,0.62,0.92,COMPLETE
2,2,35.87139101,50:49.3,51:27.5,0 days 00:00:38.260596,1,0.32,0.04,0.86,0.68,0.96,0.44,0.28,0.7,0.63,0.51,0,COMPLETE
3,3,35.87139101,51:27.5,52:13.4,0 days 00:00:45.924336,0.11,0.87,0.67,0.92,0.26,0.57,0.63,0.4,0.25,0.8,0.69,0.1,COMPLETE
4,4,35.87139101,52:13.4,53:28.4,0 days 00:01:14.991199,0.22,0.13,0.35,0.95,0.07,0.93,0.87,1,0.19,0.76,0.25,0.28,COMPLETE
5,5,35.87139101,53:28.4,54:33.2,0 days 00:01:04.754954,0.26,0.88,0.74,1,0.79,0.19,0.52,0.05,0.3,0.67,0.64,0.28,COMPLETE
6,6,35.87139101,54:33.2,55:02.3,0 days 00:00:29.106936,0.17,0.21,0.1,0.46,0.92,0.42,0.51,0.08,0.78,0.62,0.61,0.59,COMPLETE
7,7,35.87139101,55:02.3,55:38.6,0 days 00:00:36.340320,0.21,0.83,0.87,0.01,0.68,0.86,0.08,0.63,0.32,0.85,0.27,0.33,COMPLETE
8,8,35.87139101,55:38.6,56:16.7,0 days 00:00:38.083162,0.96,0.21,0.29,1,0.72,0.14,0.25,0.53,0.2,0.95,0.45,0.07,COMPLETE
9,9,35.87139101,56:16.7,56:58.0,0 days 00:00:41.302751,0.8,0.59,0.19,0.16,0.81,0.35,0.58,0.24,0.63,0.13,0.06,0.5,COMPLETE
10,10,35.87139101,56:58.0,58:29.7,0 days 00:01:31.703130,0.44,0.41,0.46,0.6,0.4,0.02,0.98,0.84,0,0.4,0.9,0.81,COMPLETE
11,11,35.87139101,58:29.7,59:13.6,0 days 00:00:43.872129,0.6,0.63,0.59,0.68,0.1,0.58,0.31,0.7,0,0.35,0.9,1,COMPLETE
12,12,35.87139101,59:13.6,00:30.4,0 days 00:01:16.839776,0.6,0.67,0.97,0.74,0.44,0.27,0.73,0.78,0.96,0.18,0.33,0.66,COMPLETE
13,13,35.87139101,00:30.4,01:18.6,0 days 00:00:48.112698,0.43,0.74,0.44,0.47,0.23,0.75,0.35,0.54,0.47,0.43,0.78,0.99,COMPLETE
14,14,35.87139101,01:18.6,02:29.4,0 days 00:01:10.848725,0.72,0.47,0.81,0.3,1,0.01,0.16,0.9,0.43,0.28,0.09,0.83,COMPLETE
15,15,35.87139101,02:29.4,03:43.9,0 days 00:01:14.477294,0.76,0.98,0.58,0.76,0.56,0.69,0.74,0.65,0.11,0,0.39,0.4,COMPLETE
16,16,35.87139101,03:43.9,04:58.5,0 days 00:01:14.635159,0.56,0.55,0.23,0.58,0.28,0.46,0.41,0.4,0.08,0.54,0.54,0.16,COMPLETE
17,17,35.87139101,04:58.5,05:45.1,0 days 00:00:46.550934,0.38,0.74,0.35,0.82,0.58,0.14,0,0.75,0.35,1,0.19,0.76,COMPLETE
18,18,35.87139101,05:45.1,07:41.4,0 days 00:01:56.352010,0.87,0.45,0.55,0.38,0.35,0.29,0.72,0.44,0.58,0.51,0.81,0.47,COMPLETE
19,19,35.87139101,07:41.4,08:31.5,0 days 00:00:50.068227,0.66,0,0.99,0.63,0.17,0.55,0.24,0.94,0.09,0.28,1,0.61,COMPLETE
20,20,35.87139101,08:31.5,10:17.3,0 days 00:01:45.787258,0.32,0.73,0.7,0.72,0,0.66,0.63,0.58,0.4,0.71,0.43,0.2,COMPLETE
21,21,35.87139101,10:17.3,10:50.5,0 days 00:00:33.196086,0,0.33,0.02,0.86,0.87,0.99,0.43,0.3,0.75,0.59,0.53,0,COMPLETE
22,22,35.87139101,10:50.5,11:55.4,0 days 00:01:04.917100,0.95,0.38,0.01,0.84,0.67,0.77,0.45,0.2,0.75,0.87,0.56,0,COMPLETE
23,23,35.87139101,11:55.4,13:28.3,0 days 00:01:32.928991,0.49,0.3,0.1,0.55,0.54,0.39,0.34,0.45,0.57,0.46,0.72,0.19,COMPLETE
24,24,35.87139101,13:28.3,15:05.7,0 days 00:01:37.396227,0.87,0.5,0.2,0.8,0.98,0.84,0.55,0.31,0.9,0.64,0.37,0.12,COMPLETE
25,25,35.87139101,15:05.7,16:45.9,0 days 00:01:40.180801,0.67,0.54,0.12,0.69,0.75,0.25,0.43,0.15,0.64,0.58,0.48,0.38,COMPLETE
26,26,35.87139101,16:45.9,17:46.5,0 days 00:01:00.565579,0.53,0.66,0.38,0.89,0.63,0.1,0.67,0.8,0.16,0.72,0.15,0.22,COMPLETE
27,27,35.87139101,17:46.5,19:04.4,0 days 00:01:17.903201,1,0.8,0.26,0.66,0.86,0.51,0.23,0.69,0.84,0.3,0.31,0.9,COMPLETE
28,28,35.87139101,19:04.4,19:56.6,0 days 00:00:52.247480,0.84,0.99,0.12,0.78,0.46,0.64,0.86,0.62,0.51,0.5,0.62,0.04,COMPLETE
29,29,35.87139101,19:56.6,21:08.7,0 days 00:01:12.103521,0.67,0.91,0.64,0.92,0.31,1,0.57,0.34,0.24,0.82,0.71,0.11,COMPLETE
30,30,35.87139101,21:08.7,23:00.0,0 days 00:01:51.207878,0.36,0.28,0.8,0.52,0.91,0.34,0.37,0.48,0.68,0.9,0,0.51,COMPLETE
31,31,35.87139101,23:00.0,24:35.6,0 days 00:01:35.696210,0.48,0.82,0.68,0.93,0.15,0.89,0.83,0.38,0.26,0.8,0.69,0.26,COMPLETE
32,32,35.87139101,24:35.6,25:16.5,0 days 00:00:40.822723,0.07,0.92,0.77,0.97,0.22,0.76,0.48,1,0.18,0.76,0.61,0.05,COMPLETE
33,33,35.87139101,25:16.5,26:47.9,0 days 00:01:31.431775,0.27,0.13,0.89,0.88,0.39,0.6,0.65,0.27,0.38,0.7,0.49,0.13,COMPLETE
34,34,35.87139101,26:47.9,28:02.0,0 days 00:01:14.072401,0.07,0.85,0.51,0.94,0.02,0.2,0.5,0.14,0.29,0.76,0.58,0.28,COMPLETE
35,35,35.87139101,28:02.0,28:37.3,0 days 00:00:35.349675,0.18,0.77,0.32,0.8,0.5,0.44,0.6,0.56,0.14,0.65,0.66,0.34,COMPLETE
36,36,35.87139101,28:37.3,30:15.0,0 days 00:01:37.641305,0.6,0.68,0.41,0.98,0.08,0.93,0.52,0.5,0.24,0.89,0.78,0.09,COMPLETE
37,37,35.87139101,30:15.0,31:40.3,0 days 00:01:25.327092,0.26,0.59,0.71,0,0.79,0.07,0.68,0.05,0.04,0.59,0.39,0.7,COMPLETE
38,38,35.87139101,31:40.3,33:16.1,0 days 00:01:35.825433,0.78,0.18,0.5,0.71,0.27,0.82,0.29,0.36,0.31,0.77,0.44,0.24,COMPLETE
39,39,35.87139101,33:16.1,34:34.9,0 days 00:01:18.747273,0.71,0.6,0.16,0.41,0.63,0.22,0.77,0.23,0.2,0.67,0.27,0.06,COMPLETE
40,40,35.87139101,34:34.9,35:47.0,0 days 00:01:12.130334,0.92,0.89,0.61,0.63,0.15,0.52,0.53,0.6,0.52,0.2,0.83,0.32,COMPLETE
41,41,35.87139101,35:47.0,37:03.8,0 days 00:01:16.816767,0.07,0.06,0.3,0.9,0.1,0.91,1,0.85,0.06,0.94,0.22,0.15,COMPLETE
42,42,35.87139101,37:03.8,37:59.8,0 days 00:00:55.975711,0.15,0.13,0.06,1,0.21,0.95,0.93,0.69,0.14,0.38,0.29,0.18,COMPLETE
43,43,35.87139101,37:59.8,39:39.7,0 days 00:01:39.890466,0.13,0.24,0.86,0.85,0.06,0.71,0.81,0.42,0.2,0.83,0.24,0.43,COMPLETE
44,44,35.87139101,39:39.7,41:20.7,0 days 00:01:40.997183,0.24,0.42,0.44,0.75,0.74,0.81,0.92,1,0.32,0.74,0.66,0.03,COMPLETE
45,45,35.87139101,41:20.7,42:18.7,0 days 00:00:58.053242,0.42,0.35,0.65,0.23,0.33,0.88,0.4,0.75,0.01,0.79,0.16,0.09,COMPLETE
46,46,35.87139101,42:18.8,43:28.0,0 days 00:01:09.282226,0.31,0.7,0.26,0.93,0.39,0.33,0.17,0.92,0.44,0.68,0.37,0.91,COMPLETE
47,47,35.87139101,43:28.0,44:49.8,0 days 00:01:21.737725,0,0.53,0.54,0.83,0.18,0.38,0.47,0.51,0.12,0.47,0.51,0.53,COMPLETE
48,48,35.87139101,44:49.8,45:44.1,0 days 00:00:54.337758,0.54,0.64,0.17,0.77,0.26,0.96,0.6,0.88,0.98,0.55,0.58,0.32,COMPLETE
49,49,35.87139101,45:44.1,47:17.1,0 days 00:01:33.020060,0.6,0.94,0.37,0.97,0.95,0.05,0.3,0.66,0.35,0.63,0.42,0.16,COMPLETE
50,50,35.74778467,47:17.1,47:50.2,0 days 00:00:33.032027,0.12,0.2,0.06,0.05,0.12,0.16,0.38,0.74,0.27,0.94,0.34,0.56,COMPLETE
51,51,35.82253735,47:50.2,48:23.4,0 days 00:00:33.247496,0.1,0.21,0.05,0.3,0.04,0,0.4,0.79,0.25,0.97,0.35,0.64,COMPLETE
52,52,35.7967649,48:23.4,49:17.5,0 days 00:00:54.114301,0.12,0.23,0.06,0.25,0.04,0.14,0.39,0.75,0.24,0.98,0.32,0.57,COMPLETE
53,53,35.79058667,49:17.5,49:52.8,0 days 00:00:35.227193,0.18,0.24,0.06,0.07,0.04,0.13,0.37,0.74,0.26,0.93,0.35,0.56,COMPLETE
54,54,35.69338593,49:52.8,50:25.7,0 days 00:00:32.896005,0.04,0.25,0.07,0.07,0.05,0.15,0.36,0.74,0.27,0.98,0.34,0.57,COMPLETE
55,55,35.74422972,50:25.7,51:38.0,0 days 00:01:12.378665,0.1,0.25,0.06,0.07,0.04,0.14,0.38,0.74,0.27,0.99,0.34,0.57,COMPLETE
56,56,35.73191205,51:38.0,52:34.1,0 days 00:00:56.073829,0.1,0.23,0.06,0.07,0.04,0.14,0.38,0.8,0.27,1,0.34,0.57,COMPLETE
57,57,35.65365968,52:34.1,53:34.3,0 days 00:01:00.228264,0.03,0.15,0.08,0.07,0.1,0.13,0.34,0.84,0.28,0.99,0.32,0.57,COMPLETE
58,58,35.51715317,53:34.3,54:02.1,0 days 00:00:27.776163,0.04,0.16,0,0.06,0.12,0.17,0.33,0.84,0.28,0.93,0.22,0.56,COMPLETE
59,59,35.69524621,54:02.1,54:33.6,0 days 00:00:31.446444,0.05,0.16,0,0.09,0.12,0.17,0.19,0.85,0.36,1,0.19,0.69,COMPLETE
60,60,35.65498173,54:33.6,55:32.5,0 days 00:00:58.917559,0.02,0.15,0.02,0.12,0.13,0.09,0.19,0.85,0.37,1,0.12,0.7,COMPLETE
61,61,35.59095814,55:32.5,56:13.8,0 days 00:00:41.342527,0.03,0.16,0.02,0.13,0,0.07,0.16,0.95,0.36,1,0.12,0.7,COMPLETE
62,62,35.6199078,56:13.8,57:34.0,0 days 00:01:20.123725,0.03,0.15,0.01,0.13,0.12,0.07,0.11,0.94,0.36,1,0.1,0.71,COMPLETE
63,63,35.52940067,57:34.0,58:15.9,0 days 00:00:41.964169,0.03,0.1,0,0.14,0.12,0.06,0.1,0.94,0.36,0.91,0.1,0.72,COMPLETE
64,64,35.6258947,58:15.9,59:04.5,0 days 00:00:48.557749,0.03,0.06,0.11,0.13,0,0.05,0.09,0.96,0.46,0.9,0.08,0.76,COMPLETE
65,65,35.70653276,59:04.5,01:02.1,0 days 00:01:57.654960,0.02,0.06,0.11,0.15,0.09,0.06,0.09,0.96,0.42,0.91,0.08,0.77,COMPLETE
66,66,35.60785215,01:02.1,02:30.3,0 days 00:01:28.150929,0.03,0.07,0.02,0.15,0.13,0.09,0.1,0.95,0.48,0.86,0.12,0.74,COMPLETE
67,67,35.86236529,02:30.3,03:16.3,0 days 00:00:46.052901,0.04,0.07,0.14,0.19,0.19,0.03,0.1,0.96,0.48,0.86,0,0.84,COMPLETE
68,68,35.65921722,03:16.3,04:56.9,0 days 00:01:40.531326,0.16,0.02,0,0.13,0.15,0.1,0,0.88,0.46,0.88,0.04,0.74,COMPLETE
69,69,35.65492266,04:56.9,06:35.4,0 days 00:01:38.555350,0,0.09,0.19,0.18,0.01,0.03,0.06,0.96,0.4,0.92,0.12,0.64,COMPLETE
70,70,35.75580162,06:35.4,07:21.6,0 days 00:00:46.215077,0.07,0.11,0.1,0.03,0,0.24,0.13,0.92,0.58,0.85,0.04,0.79,COMPLETE
71,71,35.36452577,07:21.7,08:45.0,0 days 00:01:23.301026,0,0.1,0.03,0.18,0,0.03,0.05,0.96,0.54,0.91,0.11,0.63,COMPLETE
72,72,35.52030544,08:45.0,09:58.5,0 days 00:01:13.545565,0.04,0.01,0.03,0.11,0.08,0.1,0.05,0.89,0.54,0.96,0.13,0.73,COMPLETE
73,73,35.67045357,09:58.5,10:38.1,0 days 00:00:39.608898,0.07,0.02,0.02,0.22,0.07,0.08,0.05,0.97,0.54,0.94,0.12,0.73,COMPLETE
74,74,35.594359,10:38.1,12:22.5,0 days 00:01:44.402661,0.05,0,0.03,0.11,0,0.04,0.03,0.91,0.61,0.96,0.08,0.86,COMPLETE
75,75,35.87139101,12:22.5,13:37.5,0 days 00:01:14.985054,0.2,0.02,0.02,0.27,0.24,0,0.02,0.9,0.63,0.96,0.16,0.83,COMPLETE
76,76,35.70594327,13:37.5,15:35.0,0 days 00:01:57.479277,0,0,0.03,0.19,0.08,0.19,0.13,0.9,0.55,0.83,0.05,0.87,COMPLETE
77,77,35.73550143,15:35.0,16:29.2,0 days 00:00:54.227974,0.08,0.09,0.22,0.03,0.13,0.11,0.04,0.93,0.6,0.95,0.2,0.61,COMPLETE
78,78,35.87139101,16:29.2,17:15.5,0 days 00:00:46.251533,0.15,0.04,0.15,0.1,0.2,0.03,0.12,0.82,0.68,0.87,0.1,0.95,COMPLETE
79,79,35.6953805,17:15.5,18:01.7,0 days 00:00:46.263834,0.05,0.11,0,0.16,0.16,0.07,0.15,0.99,0.49,0.91,0.14,0.72,COMPLETE
80,80,35.8542955,18:01.7,19:34.9,0 days 00:01:33.143752,0.14,0.18,0.13,0.2,0.02,0.1,0.21,0.88,0.33,0.96,0.02,0.67,COMPLETE
81,81,35.66034731,19:34.9,20:56.4,0 days 00:01:21.503394,0.02,0.09,0.09,0.13,0,0.05,0.08,0.94,0.45,0.91,0.08,0.8,COMPLETE
82,82,35.64179358,20:56.4,21:47.0,0 days 00:00:50.664186,0.09,0.05,0.04,0.15,0.07,0.04,0.07,0.97,0.41,0.89,0.08,0.76,COMPLETE
83,83,35.48150987,21:47.0,22:29.1,0 days 00:00:42.053833,0.05,0.11,0.03,0.1,0.1,0,0.03,0.94,0.53,0.84,0.17,0.66,COMPLETE
84,84,35.51940568,22:29.1,23:18.5,0 days 00:00:49.433772,0.05,0.13,0.03,0.1,0.1,0,0.03,0.91,0.6,0.85,0.23,0.62,COMPLETE
85,85,35.51177362,23:18.5,24:36.7,0 days 00:01:18.199238,0.06,0.12,0.09,0.02,0.1,0,0.03,0.9,0.6,0.81,0.23,0.61,COMPLETE
86,86,35.36384432,24:36.7,25:15.0,0 days 00:00:38.295763,0.06,0.11,0.04,0,0.06,0,0.03,0.91,0.61,0.81,0.24,0.63,COMPLETE
87,87,35.60931526,25:15.0,26:18.0,0 days 00:01:02.916592,0.11,0.12,0.09,0,0.17,0,0,0.87,0.54,0.8,0.24,0.61,COMPLETE
88,88,35.70911433,26:18.0,27:00.1,0 days 00:00:42.148870,0,0.18,0.17,0.03,0.09,0.02,0.26,0.82,0.65,0.83,0.17,0.65,COMPLETE
89,89,35.64415009,27:00.1,28:28.7,0 days 00:01:28.585026,0.2,0.27,0.04,0.03,0.1,0,0.02,0.99,0.57,0.8,0.27,0.46,COMPLETE
90,90,35.53384547,28:28.7,29:30.6,0 days 00:01:01.879287,0.08,0.1,0.08,0.09,0.06,0.11,0.06,0.9,0.73,0.74,0.21,0.53,COMPLETE
91,91,35.67037122,29:30.6,30:29.0,0 days 00:00:58.427619,0.06,0.12,0.08,0.05,0.06,0.18,0.06,0.89,0.72,0.77,0.21,0.67,COMPLETE
92,92,35.63950163,30:29.0,31:46.9,0 days 00:01:17.855072,0.13,0.09,0.13,0.1,0.03,0.11,0.04,0.92,0.51,0.84,0.18,0.53,COMPLETE
93,93,35.6751782,31:46.9,32:50.5,0 days 00:01:03.614731,0.09,0.19,0.04,0.09,0.06,0.02,0.15,0.86,0.8,0.73,0.23,0.62,COMPLETE
94,94,35.63417339,32:50.5,34:26.8,0 days 00:01:36.301319,0.08,0.16,0,0,0.11,0.21,0.01,0.98,0.67,0.81,0.27,0.68,COMPLETE
95,95,35.50456389,34:26.8,36:21.2,0 days 00:01:54.472724,0.17,0.04,0.08,0.05,0.14,0.07,0.07,0.82,0.61,0.78,0.15,0.5,COMPLETE
96,96,35.59666446,36:21.2,36:58.5,0 days 00:00:37.257204,0.12,0.04,0.09,0.02,0.24,0.11,0.06,0.82,0.6,0.76,0.29,0.53,COMPLETE
97,97,35.6151918,36:58.5,38:31.8,0 days 00:01:33.256816,0.17,0.1,0.12,0.04,0.15,0.02,0.03,0.77,0.72,0.78,0.14,0.49,COMPLETE
98,98,35.48398579,38:31.8,39:21.3,0 days 00:00:49.494057,0.06,0.03,0.08,0.05,0.19,0.06,0.08,0.9,0.62,0.71,0.22,0.6,COMPLETE
99,99,35.77751744,39:21.3,40:16.5,0 days 00:00:55.191581,0.23,0.03,0.05,0.05,0.3,0.05,0.12,0.83,0.62,0.7,0.19,0.62,COMPLETE
100,100,35.71726195,22:23.5,23:20.9,0 days 00:00:57.415764,0.06,0.13,0.17,0.06,0.19,0.08,0.08,0.87,0.66,0.88,0.25,0.59,COMPLETE
101,101,35.32563601,23:20.9,24:05.5,0 days 00:00:44.590719,0.1,0.08,0.08,0.09,0.08,0.01,0.05,0.9,0.55,0.74,0.22,0.47,COMPLETE
102,102,35.23654657,24:05.5,24:44.2,0 days 00:00:38.714557,0.1,0.07,0.07,0.01,0.14,0,0.04,0.91,0.56,0.82,0.15,0.44,COMPLETE
103,103,35.47623049,24:44.2,25:39.2,0 days 00:00:55.044675,0.11,0.07,0.15,0.01,0.22,0.01,0.04,0.92,0.53,0.81,0.3,0.41,COMPLETE
104,104,35.53696397,25:39.2,26:08.4,0 days 00:00:29.196366,0.11,0.07,0.15,0.01,0.22,0,0,0.92,0.56,0.81,0.29,0.45,COMPLETE
105,105,35.33230848,26:08.4,26:48.3,0 days 00:00:39.864450,0.14,0.14,0.11,0,0.14,0.03,0.02,0.8,0.52,0.71,0.22,0.39,COMPLETE
106,106,35.48553242,26:48.3,27:19.2,0 days 00:00:30.884912,0.18,0.04,0.2,0,0.18,0.02,0.02,0.78,0.51,0.69,0.17,0.41,COMPLETE
107,107,35.47735626,27:19.2,27:52.8,0 days 00:00:33.663823,0.18,0.04,0.2,0,0.18,0.02,0.02,0.79,0.51,0.7,0.17,0.4,COMPLETE
108,108,35.48024101,27:52.8,28:27.3,0 days 00:00:34.404963,0.18,0.04,0.19,0,0.26,0.02,0.07,0.77,0.52,0.66,0.16,0.39,COMPLETE
109,109,35.77496254,28:27.3,28:58.6,0 days 00:00:31.334865,0.26,0.07,0.28,0,0.29,0.02,0.01,0.7,0.53,0.67,0.17,0.39,COMPLETE
110,110,35.71084131,28:58.6,29:32.8,0 days 00:00:34.173462,0.3,0.08,0.17,0,0.26,0.04,0.08,0.78,0.5,0.61,0.25,0.37,COMPLETE
111,111,35.66870406,29:32.8,30:06.1,0 days 00:00:33.292136,0.21,0.04,0.2,0.08,0.18,0.02,0.07,0.81,0.52,0.68,0.15,0.43,COMPLETE
112,112,35.59481727,30:06.1,30:38.4,0 days 00:00:32.293580,0.18,0.05,0.21,0.04,0.21,0.06,0.05,0.76,0.58,0.71,0.2,0.35,COMPLETE
113,113,35.29729774,30:38.4,31:12.8,0 days 00:00:34.427421,0.15,0,0.14,0.02,0.15,0.04,0.14,0.72,0.51,0.75,0.18,0.41,COMPLETE
114,114,35.50657548,31:12.8,31:47.0,0 days 00:00:34.174208,0.15,0.02,0.19,0.02,0.17,0.04,0.13,0.86,0.5,0.74,0.18,0.42,COMPLETE
115,115,35.23606849,31:47.0,32:25.9,0 days 00:00:38.916065,0.19,0,0.25,0,0.34,0.02,0,0.72,0.47,0.66,0.17,0.3,COMPLETE
116,116,34.57046811,32:25.9,32:56.8,0 days 00:00:30.933114,0.13,0.01,0.14,0.02,0.33,0.05,0,0.72,0.56,0.61,0.21,0.3,COMPLETE
117,117,35.48296163,32:56.8,33:26.7,0 days 00:00:29.907178,0.14,0,0.23,0.02,0.43,0.04,0,0.67,0.44,0.64,0.26,0.31,COMPLETE
118,118,35.85989972,33:26.7,34:01.2,0 days 00:00:34.507632,0.22,0.06,0.26,0.36,0.36,0.02,0.04,0.71,0.56,0.62,0.19,0.36,COMPLETE
119,119,35.73822813,34:01.2,34:40.4,0 days 00:00:39.210722,0.19,0.08,0.24,0.07,0.23,0.48,0.1,0.71,0.49,0.65,0.3,0.31,COMPLETE
120,120,33.04736359,34:40.4,35:18.8,0 days 00:00:38.376759,0.25,0,0.14,0.02,0.28,0.08,0.02,0.64,0.47,0.56,0.15,0.26,COMPLETE
121,121,33.41097831,35:18.8,35:51.8,0 days 00:00:33.010704,0.25,0,0.14,0.02,0.35,0.08,0,0.62,0.53,0.55,0.15,0.24,COMPLETE
122,122,33.2081459,35:51.8,36:28.2,0 days 00:00:36.417337,0.28,0,0.14,0.02,0.35,0.08,0,0.63,0.47,0.52,0.14,0.26,COMPLETE
123,123,31.78867784,36:28.2,37:02.9,0 days 00:00:34.640241,0.24,0,0.14,0.04,0.36,0.08,0,0.63,0.43,0.55,0.11,0.22,COMPLETE
124,124,31.62415846,37:02.9,37:35.7,0 days 00:00:32.778958,0.29,0,0.15,0.04,0.33,0.13,0,0.59,0.39,0.57,0.06,0.22,COMPLETE
125,125,32.64037513,37:35.7,38:11.1,0 days 00:00:35.387279,0.33,0,0.12,0.04,0.36,0.13,0,0.58,0.39,0.55,0.1,0.23,COMPLETE
126,126,31.06837244,38:11.1,39:09.0,0 days 00:00:57.955297,0.35,0.01,0.12,0.04,0.33,0.15,0,0.63,0.4,0.52,0.02,0.22,COMPLETE
127,127,30.84559885,39:09.0,39:38.9,0 days 00:00:29.904603,0.29,0,0.12,0.04,0.33,0.12,0,0.61,0.39,0.54,0.06,0.22,COMPLETE
128,128,31.23543647,39:38.9,40:06.8,0 days 00:00:27.836716,0.35,0,0.13,0.04,0.34,0.13,0,0.63,0.39,0.55,0.02,0.21,COMPLETE
129,129,31.58514348,40:06.8,40:35.5,0 days 00:00:28.740053,0.35,0,0.14,0.04,0.36,0.13,0,0.63,0.39,0.53,0.03,0.22,COMPLETE
130,130,31.43001592,40:35.5,41:04.6,0 days 00:00:29.069886,0.36,0,0.13,0.04,0.34,0.16,0,0.63,0.39,0.54,0.02,0.21,COMPLETE
131,131,32.01640069,41:04.6,41:33.8,0 days 00:00:29.242780,0.35,0,0.12,0.04,0.33,0.16,0,0.62,0.39,0.54,0.06,0.22,COMPLETE
132,132,31.63929213,41:33.8,42:08.5,0 days 00:00:34.655775,0.35,0,0.13,0.04,0.33,0.16,0,0.63,0.4,0.54,0.02,0.23,COMPLETE
133,133,32.45314032,42:08.5,42:54.2,0 days 00:00:45.773353,0.36,0.02,0.13,0.07,0.37,0.16,0,0.63,0.4,0.54,0.03,0.21,COMPLETE
134,134,32.66678459,42:54.2,43:24.8,0 days 00:00:30.598321,0.36,0.02,0.12,0.07,0.37,0.28,0,0.62,0.39,0.53,0.02,0.22,COMPLETE
135,135,31.24868963,43:24.8,44:52.3,0 days 00:01:27.440795,0.36,0.02,0.12,0.06,0.37,0.16,0,0.57,0.39,0.52,0.01,0.21,COMPLETE
136,136,30.87174471,44:52.3,45:24.1,0 days 00:00:31.842293,0.36,0.02,0.11,0.06,0.37,0.16,0.02,0.56,0.39,0.49,0.02,0.21,COMPLETE
137,137,31.34390031,45:24.1,45:59.6,0 days 00:00:35.466030,0.35,0.02,0.11,0.07,0.38,0.28,0,0.57,0.39,0.48,0.02,0.21,COMPLETE
138,138,30.43305578,45:59.6,46:33.0,0 days 00:00:33.405126,0.34,0.02,0.11,0.05,0.41,0.23,0.02,0.57,0.34,0.48,0.02,0.2,COMPLETE
139,139,32.52846957,46:33.0,47:37.4,0 days 00:01:04.387325,0.4,0.02,0.17,0.08,0.42,0.24,0.02,0.54,0.34,0.49,0,0.2,COMPLETE
140,140,31.83788632,47:37.4,48:35.3,0 days 00:00:57.886878,0.35,0.02,0.11,0.12,0.46,0.31,0.05,0.6,0.41,0.43,0.06,0.14,COMPLETE
141,141,31.28707401,48:35.3,49:07.2,0 days 00:00:31.901385,0.35,0.02,0.11,0.06,0.47,0.31,0.05,0.56,0.43,0.42,0.06,0.15,COMPLETE
142,142,32.85586612,49:07.2,49:58.0,0 days 00:00:50.777045,0.34,0.05,0.16,0.05,0.47,0.32,0.04,0.56,0.42,0.43,0.06,0.18,COMPLETE
143,143,29.8391053,49:58.0,50:47.2,0 days 00:00:49.211426,0.39,0.02,0.11,0.11,0.4,0.22,0.02,0.59,0.31,0.44,0.01,0.14,COMPLETE
144,144,30.29423306,50:47.2,51:35.2,0 days 00:00:48.052442,0.39,0.03,0.1,0.11,0.4,0.21,0.06,0.6,0.31,0.45,0.01,0.16,COMPLETE
145,145,29.76335232,51:35.2,52:39.2,0 days 00:01:03.942195,0.38,0.03,0.1,0.11,0.41,0.22,0.02,0.51,0.32,0.47,0.01,0.12,COMPLETE
146,146,30.66459489,52:39.2,53:26.6,0 days 00:00:47.465614,0.45,0.05,0.1,0.11,0.4,0.26,0.02,0.49,0.31,0.46,0,0.11,COMPLETE
147,147,31.15306066,53:26.6,53:55.6,0 days 00:00:29.001031,0.45,0.05,0.1,0.17,0.41,0.23,0.06,0.47,0.3,0.46,0,0.11,COMPLETE
148,148,30.73583156,53:55.6,54:24.4,0 days 00:00:28.715604,0.46,0.05,0.1,0.11,0.4,0.26,0.1,0.47,0.3,0.46,0,0.1,COMPLETE
149,149,30.81174083,54:24.4,55:25.6,0 days 00:01:01.248878,0.45,0.06,0.1,0.11,0.4,0.22,0.1,0.47,0.3,0.46,0,0.12,COMPLETE
150,150,30.54834771,11:08.4,11:42.9,0 days 00:00:34.574863,0.43,0.05,0.1,0.11,0.4,0.26,0.09,0.47,0.31,0.46,0,0.12,COMPLETE
151,151,31.21349658,11:42.9,12:29.5,0 days 00:00:46.565297,0.44,0.05,0.1,0.16,0.4,0.26,0.1,0.45,0.3,0.46,0.01,0.11,COMPLETE
152,152,31.15605041,12:29.5,13:17.1,0 days 00:00:47.624201,0.46,0.05,0.1,0.16,0.41,0.22,0.11,0.47,0.3,0.45,0,0.11,COMPLETE
153,153,30.45053115,13:17.1,14:57.7,0 days 00:01:40.597808,0.46,0.05,0.1,0.17,0.4,0.26,0.1,0.46,0.3,0.39,0,0.11,COMPLETE
154,154,30.57789588,14:57.7,16:03.7,0 days 00:01:06.010941,0.45,0.05,0.06,0.17,0.4,0.26,0.11,0.46,0.3,0.45,0,0.11,COMPLETE
155,155,31.16224175,16:03.7,17:04.3,0 days 00:01:00.528026,0.46,0.06,0.06,0.16,0.41,0.26,0.17,0.47,0.3,0.46,0,0.11,COMPLETE
156,156,29.13372663,17:04.3,17:36.4,0 days 00:00:32.100058,0.47,0.06,0.06,0.21,0.42,0.22,0.18,0.46,0.22,0.37,0,0.08,COMPLETE
157,157,30.94230382,17:36.4,18:10.2,0 days 00:00:33.823779,0.49,0.05,0.06,0.22,0.51,0.23,0.19,0.51,0.23,0.35,0.04,0.08,COMPLETE
158,158,31.21267585,18:10.2,19:13.1,0 days 00:01:02.941640,0.51,0.08,0.06,0.25,0.52,0.23,0.17,0.52,0.22,0.32,0.04,0.06,COMPLETE
159,159,29.88417852,19:13.1,20:09.5,0 days 00:00:56.351054,0.39,0.06,0.07,0.22,0.44,0.19,0.21,0.43,0.32,0.38,0.04,0.08,COMPLETE
160,160,30.05899779,20:09.5,20:56.7,0 days 00:00:47.204684,0.41,0.09,0.07,0.21,0.44,0.2,0.18,0.41,0.33,0.4,0.04,0.03,COMPLETE
161,161,30.90967473,20:56.7,22:12.1,0 days 00:01:15.438818,0.41,0.09,0.07,0.23,0.45,0.2,0.23,0.41,0.33,0.38,0.04,0.08,COMPLETE
162,162,29.90757017,22:12.1,23:01.1,0 days 00:00:49.001146,0.41,0.09,0.07,0.21,0.44,0.25,0.22,0.41,0.33,0.38,0.04,0.02,COMPLETE
163,163,30.37515525,23:01.1,23:49.6,0 days 00:00:48.413934,0.41,0.09,0.09,0.21,0.44,0.2,0.23,0.4,0.32,0.39,0.05,0.02,COMPLETE
164,164,30.83339887,23:49.6,25:02.4,0 days 00:01:12.843651,0.39,0.07,0.08,0.2,0.49,0.36,0.27,0.36,0.32,0.41,0.05,0.02,COMPLETE
165,165,30.56435898,25:02.4,25:54.4,0 days 00:00:52.018738,0.4,0.1,0.08,0.2,0.44,0.19,0.25,0.37,0.32,0.39,0.07,0.03,COMPLETE
166,166,29.90846551,25:54.4,26:53.6,0 days 00:00:59.182863,0.39,0.1,0.08,0.2,0.44,0.19,0.29,0.38,0.32,0.4,0.04,0.03,COMPLETE
167,167,29.40293003,26:53.6,27:41.6,0 days 00:00:47.964130,0.42,0.1,0.05,0.28,0.44,0.19,0.25,0.43,0.34,0.37,0,0.02,COMPLETE
168,168,30.9720953,27:41.6,29:03.0,0 days 00:01:21.451187,0.42,0.1,0.05,0.28,0.44,0.19,0.21,0.39,0.35,0.38,0.07,0.01,COMPLETE
169,169,30.30038667,29:03.0,30:03.1,0 days 00:01:00.100377,0.39,0.13,0.05,0.25,0.43,0.25,0.25,0.42,0.32,0.35,0.04,0.05,COMPLETE
170,170,29.90329876,30:03.1,30:55.6,0 days 00:00:52.483836,0.39,0.13,0.05,0.21,0.43,0.29,0.24,0.44,0.33,0.34,0.04,0.05,COMPLETE
