,number,value,datetime_start,datetime_complete,duration,params_precip_const_1,params_precip_const_2,params_precip_const_3,params_precip_const_4,params_precip_const_5,params_precip_const_6,params_precip_const_7,params_precip_const_8,params_precip_const_9,params_precip_const_10,params_precip_const_11,params_precip_const_12,params_residual_const,state
163,163,22.96583571,20:07.0,20:40.3,0 days 00:00:33.314502,0.65,0.04,0.67,0.33,0.4,0.54,0.56,0.28,0.14,0.93,0.94,0.2,0.15,COMPLETE
164,164,22.33494008,20:40.3,21:13.6,0 days 00:00:33.350360,0.68,0.02,0.63,0.95,0.43,0.47,0.48,0.25,0.13,0.96,0.94,0.18,0.21,COMPLETE
165,165,22.38880998,21:13.6,21:57.7,0 days 00:00:44.064452,0.68,0.02,0.64,0.99,0.43,0.48,0.48,0.26,0.17,0.92,0.95,0.12,0.21,COMPLETE
166,166,22.38252384,21:57.7,22:28.6,0 days 00:00:30.867999,0.68,0.05,0.65,0.99,0.43,0.47,0.48,0.25,0.17,0.96,0.48,0.42,0.21,COMPLETE
167,167,22.36982953,22:28.6,23:29.0,0 days 00:01:00.405398,0.69,0.04,0.64,1,0.43,0.45,0.48,0.24,0.17,0.96,0.89,0.06,0.2,COMPLETE
168,168,22.40397807,23:29.0,24:06.1,0 days 00:00:37.097418,0.68,0.03,0.64,1,0.46,0.44,0.47,0.25,0.18,0.95,0.89,0.06,0.21,COMPLETE
169,169,22.37638056,24:06.1,24:47.1,0 days 00:00:41.043787,0.73,0.02,0.64,1,0.42,0.46,0.48,0.23,0.17,0.96,0.4,0.07,0.21,COMPLETE
170,170,22.4335828,24:47.1,25:52.8,0 days 00:01:05.674514,0.73,0.02,0.65,1,0.42,0.46,0.47,0.23,0.18,0.96,0.45,0.06,0.21,COMPLETE
171,171,22.45529016,25:52.8,26:56.1,0 days 00:01:03.353503,0.73,0.03,0.64,1,0.46,0.45,0.47,0.22,0.18,0.95,0.48,0.07,0.2,COMPLETE
172,172,22.48014304,26:56.1,27:57.7,0 days 00:01:01.562959,0.73,0.02,0.64,1,0.42,0.46,0.45,0.23,0.19,0.96,0.46,0.07,0.21,COMPLETE
173,173,22.41200592,27:57.7,28:27.8,0 days 00:00:30.076381,0.77,0.03,0.64,1,0.46,0.43,0.5,0.2,0.17,0.96,0.41,0.03,0.19,COMPLETE
174,174,23.37529473,28:27.8,29:23.7,0 days 00:00:55.871416,0.77,0.06,0.65,1,0.42,0.42,0.49,0.2,0.71,0.97,0.52,0.13,0.18,COMPLETE
175,175,23.21876402,29:23.7,30:08.4,0 days 00:00:44.745963,0.68,0.05,0.57,0.95,0.47,0.43,0.5,0.14,0.41,0.97,0.41,0.03,0.21,COMPLETE
176,176,22.47665009,30:08.4,31:17.2,0 days 00:01:08.779266,0.75,0.02,0.54,0.99,0.52,0.46,0.42,0.25,0.17,0.96,0.39,0,0.18,COMPLETE
177,177,22.35147621,31:17.2,31:52.6,0 days 00:00:35.384620,0.71,0,0.66,0.99,0.46,0.42,0.45,0.24,0.17,0.94,0.38,0.05,0.21,COMPLETE
178,178,22.32571419,31:52.6,33:06.1,0 days 00:01:13.556155,0.78,0,0.63,1,0.42,0.41,0.45,0.24,0.17,0.98,0.43,0.06,0.22,COMPLETE
179,179,22.65218587,33:06.1,33:44.8,0 days 00:00:38.654618,0.76,0,0.63,1,0.46,0.41,0.44,0.18,0.23,0.98,0.43,0.06,0.2,COMPLETE
180,180,22.39448003,33:44.8,34:21.1,0 days 00:00:36.284533,0.78,0.03,0.71,0.99,0.42,0.47,0.48,0.23,0.17,0.95,0.38,0.11,0.22,COMPLETE
181,181,22.39251401,34:21.1,34:48.3,0 days 00:00:27.267249,0.78,0.03,0.65,0.99,0.42,0.47,0.48,0.23,0.17,0.96,0.36,0.1,0.22,COMPLETE
182,182,22.53630875,34:48.3,36:09.4,0 days 00:01:21.102705,0.78,0,0.71,0.99,0.4,0.47,0.52,0.24,0.21,0.95,0.37,0.1,0.22,COMPLETE
183,183,22.32258705,36:09.4,37:14.8,0 days 00:01:05.367836,0.77,0.03,0.73,0.94,0.45,0.42,0.49,0.29,0.17,0.98,0.33,0.1,0.25,COMPLETE
184,184,22.42533042,37:14.8,38:12.5,0 days 00:00:57.679050,0.78,0.03,0.73,0.94,0.43,0.41,0.48,0.28,0.17,0.98,0.34,0.1,0.17,COMPLETE
185,185,22.56251322,38:12.5,38:55.1,0 days 00:00:42.575861,0.79,0.07,0.7,0.92,0.45,0.43,0.45,0.19,0.2,0.98,0.29,0.02,0.22,COMPLETE
186,186,22.41090408,38:55.1,39:58.2,0 days 00:01:03.091094,0.76,0.03,0.63,0.99,0.41,0.51,0.5,0.3,0.16,0.95,0.32,0.1,0.19,COMPLETE
187,187,22.43856672,39:58.2,41:07.4,0 days 00:01:09.224438,0.75,0,0.62,0.95,0.4,0.53,0.44,0.31,0.16,0.94,0.25,0.13,0.24,COMPLETE
188,188,22.43292371,41:07.4,41:42.6,0 days 00:00:35.219313,0.72,0.02,0.66,0.98,0.42,0.51,0.42,0.28,0.15,0.94,0.32,0.13,0.26,COMPLETE
189,189,22.46843525,41:42.6,42:22.9,0 days 00:00:40.259860,0.68,0.06,0.58,0.94,0.43,0.48,0.48,0.29,0.19,0.98,0.34,0.09,0.23,COMPLETE
190,190,22.60351063,42:22.9,42:58.6,0 days 00:00:35.731225,0.81,0.04,0.7,0.98,0.4,0.51,0.54,0.33,0.21,0.95,0.37,0.16,0.19,COMPLETE
191,191,22.40130806,42:58.6,44:03.0,0 days 00:01:04.421206,0.77,0.03,0.63,1,0.46,0.45,0.5,0.23,0.17,0.96,0.43,0.08,0.19,COMPLETE
192,192,22.49248598,44:03.0,44:56.5,0 days 00:00:53.443680,0.79,0.08,0.63,0.99,0.45,0.45,0.46,0.23,0.17,0.98,0.36,0.05,0.16,COMPLETE
193,193,22.34439202,44:56.5,46:01.0,0 days 00:01:04.553395,0.74,0.02,0.65,0.95,0.43,0.48,0.5,0.26,0.15,0.91,0.31,0.09,0.21,COMPLETE
194,194,22.47229739,46:01.0,47:21.3,0 days 00:01:20.266491,0.73,0,0.66,0.95,0.44,0.47,0.51,0.26,0.19,0.91,0.38,0.08,0.22,COMPLETE
195,195,22.29597617,47:21.3,48:16.7,0 days 00:00:55.392347,0.68,0.02,0.73,0.92,0.47,0.4,0.48,0.24,0.15,0.93,0.44,0.12,0.21,COMPLETE
196,196,22.33456909,48:16.7,48:47.7,0 days 00:00:30.999952,0.71,0.06,0.72,0.92,0.48,0.4,0.45,0.23,0.15,0.91,0.42,0.15,0.26,COMPLETE
197,197,22.37345688,48:47.7,51:27.7,0 days 00:02:39.993683,0.74,0.01,0.75,0.91,0.43,0.39,0.45,0.16,0.15,0.93,0.46,0.15,0.24,COMPLETE
198,198,22.37838872,51:27.7,52:21.4,0 days 00:00:53.730726,0.74,0.01,0.74,0.92,0.43,0.39,0.44,0.16,0.15,0.93,0.49,0.16,0.26,COMPLETE
199,199,22.42637225,52:21.4,53:12.3,0 days 00:00:50.912616,0.71,0,0.74,0.91,0.39,0.39,0.44,0.11,0.15,0.92,0.49,0.14,0.27,COMPLETE
200,200,22.4178408,54:05.0,54:33.8,0 days 00:00:28.790201,0.74,0.06,0.75,0.92,0.43,0.38,0.42,0.14,0.15,0.9,0.46,0.18,0.24,COMPLETE
201,201,22.3537418,54:33.8,55:06.9,0 days 00:00:33.072024,0.74,0.01,0.73,0.93,0.42,0.4,0.45,0.18,0.14,0.93,0.43,0.12,0.22,COMPLETE
202,202,22.35896379,55:06.9,55:35.9,0 days 00:00:29.058493,0.74,0.01,0.73,0.91,0.44,0.4,0.45,0.17,0.14,0.93,0.51,0.15,0.26,COMPLETE
203,203,22.43113569,55:35.9,56:10.0,0 days 00:00:34.022038,0.69,0.01,0.72,0.91,0.5,0.4,0.45,0.16,0.14,0.93,0.44,0.15,0.26,COMPLETE
204,204,22.48139581,56:10.0,56:41.0,0 days 00:00:31.015916,0.74,0.01,0.77,0.93,0.44,0.37,0.46,0.06,0.14,0.9,0.47,0.17,0.24,COMPLETE
205,205,22.39947737,56:41.0,57:10.0,0 days 00:00:28.987209,0.71,0,0.74,0.9,0.45,0.41,0.42,0.18,0.14,0.86,0.54,0.19,0.27,COMPLETE
206,206,22.36577288,57:10.0,57:37.2,0 days 00:00:27.281108,0.67,0.07,0.73,0.94,0.48,0.4,0.44,0.19,0.15,0.93,0.5,0.21,0.24,COMPLETE
207,207,22.75080923,57:37.2,58:05.2,0 days 00:00:27.966991,0.67,0.08,0.72,0.93,0.4,0.37,0.44,0.11,0.22,0.93,0.51,0.23,0.2,COMPLETE
208,208,22.4470296,58:05.2,58:34.7,0 days 00:00:29.461731,0.72,0.05,0.75,0.87,0.37,0.4,0.41,0.12,0.15,0.9,0.5,0.12,0.26,COMPLETE
209,209,22.58548946,58:34.7,59:12.3,0 days 00:00:37.632813,0.69,0.02,0.78,0.91,0.48,0.4,0.46,0.2,0.19,0.92,0.42,0.21,0.17,COMPLETE
210,210,22.4108549,59:12.3,59:42.3,0 days 00:00:30.030871,0.04,0.07,0.69,0.94,0.51,0.38,0.43,0.18,0.12,0.93,0.4,0.15,0.24,COMPLETE
211,211,22.3647233,59:42.3,00:12.1,0 days 00:00:29.749054,0.67,0.05,0.73,0.95,0.47,0.41,0.49,0.16,0.13,0.98,0.45,0.24,0.22,COMPLETE
212,212,22.75910151,00:12.1,00:41.4,0 days 00:00:29.349648,0.67,0.05,0.72,0.43,0.44,0.42,0.48,0.17,0.13,0.98,0.44,0.26,0.21,COMPLETE
213,213,22.3148253,00:41.4,01:14.9,0 days 00:00:33.480011,0.74,0.02,0.74,0.95,0.47,0.39,0.51,0.21,0.16,0.94,0.47,0.17,0.24,COMPLETE
214,214,23.2052274,01:14.9,01:45.6,0 days 00:00:30.682130,0.75,0,0.74,0.95,0.48,0.36,0.52,0.21,0.51,0.94,0.48,0.24,0.25,COMPLETE
215,215,22.38986857,01:45.6,02:19.7,0 days 00:00:34.130628,0.73,0.04,0.76,0.92,0.46,0.38,0.45,0.15,0.15,0.97,0.46,0.18,0.23,COMPLETE
216,216,22.39389295,02:19.7,02:53.2,0 days 00:00:33.429663,0.71,0.06,0.73,0.89,0.5,0.4,0.5,0.2,0.13,0.94,0.55,0.19,0.27,COMPLETE
217,217,22.511357,02:53.2,03:23.3,0 days 00:00:30.175060,0.73,0.09,0.7,0.94,0.53,0.42,0.51,0.16,0.11,0.87,0.49,0.16,0.24,COMPLETE
218,218,22.64080193,03:23.3,03:57.6,0 days 00:00:34.254098,0.75,0.04,0.69,0.95,0.41,0.4,0.83,0.12,0.16,0.9,0.42,0.21,0.19,COMPLETE
219,219,22.54577858,03:57.6,04:29.3,0 days 00:00:31.672978,0.7,0.02,0.76,0.91,0.45,0.37,0.45,0.19,0.2,0.96,0.44,0.14,0.22,COMPLETE
220,220,28.36925117,04:29.3,05:01.8,0 days 00:00:32.471113,0.64,0,0.73,0.93,0.47,0.43,0.49,0.28,0.56,0.99,0.51,0.18,0.69,COMPLETE
221,221,22.31285357,05:01.8,05:31.4,0 days 00:00:29.638788,0.68,0.02,0.71,0.96,0.43,0.44,0.47,0.27,0.16,0.92,0.46,0.13,0.21,COMPLETE
222,222,22.3149918,05:31.4,06:05.4,0 days 00:00:33.994990,0.67,0.02,0.72,0.95,0.43,0.44,0.46,0.27,0.15,0.94,0.47,0.04,0.2,COMPLETE
223,223,22.40148817,06:05.4,06:35.2,0 days 00:00:29.823188,0.66,0.02,0.71,0.95,0.39,0.42,0.47,0.27,0.13,0.91,0.45,0.04,0.17,COMPLETE
224,224,22.25065564,06:35.2,07:05.8,0 days 00:00:30.590611,0.7,0.02,0.74,0.89,0.41,0.39,0.43,0.31,0.15,0.93,0.41,0.12,0.25,COMPLETE
225,225,22.42829689,07:05.8,07:40.0,0 days 00:00:34.187912,0.69,0.04,0.78,0.88,0.41,0.44,0.41,0.31,0.11,0.88,0.4,0.12,0.2,COMPLETE
226,226,23.87106183,07:40.0,08:09.3,0 days 00:00:29.301092,0.7,0.02,0.72,0.96,0.45,0,0.52,0.28,0.13,0.94,0.3,0.08,0.24,COMPLETE
227,227,22.26357984,08:09.3,08:58.9,0 days 00:00:49.579755,0.67,0.07,0.68,0.9,0.47,0.35,0.46,0.3,0.15,0.91,0.42,0.05,0.23,COMPLETE
228,228,22.810776,08:58.9,09:29.7,0 days 00:00:30.781683,0.66,0.07,0.03,0.9,0.48,0.35,0.43,0.3,0.1,0.9,0.2,0.01,0.23,COMPLETE
229,229,22.24693456,09:29.7,10:05.9,0 days 00:00:36.223378,0.16,0.09,0.69,0.9,0.49,0.36,0.46,0.32,0.15,0.92,0.42,0.04,0.25,COMPLETE
230,230,22.27072827,10:05.9,10:45.1,0 days 00:00:39.245607,0.23,0.09,0.68,0.86,0.5,0.34,0.46,0.32,0.13,0.84,0.43,0.02,0.27,COMPLETE
231,231,22.27972099,10:45.1,11:12.8,0 days 00:00:27.665619,0.19,0.08,0.68,0.87,0.51,0.34,0.46,0.32,0.13,0.89,0.41,0.04,0.27,COMPLETE
232,232,22.30197389,11:12.8,12:08.0,0 days 00:00:55.219920,0.16,0.1,0.68,0.87,0.55,0.35,0.46,0.31,0.13,0.86,0.42,0.01,0.26,COMPLETE
233,233,22.35333463,12:08.0,13:08.8,0 days 00:01:00.736797,0.16,0.12,0.68,0.86,0.54,0.33,0.46,0.33,0.11,0.86,0.42,0.03,0.27,COMPLETE
234,234,22.36222621,13:08.8,13:51.0,0 days 00:00:42.225143,0.17,0.09,0.68,0.86,0.53,0.31,0.46,0.31,0.11,0.83,0.42,0,0.26,COMPLETE
235,235,22.47800817,13:51.0,14:30.5,0 days 00:00:39.547199,0.22,0.11,0.69,0.85,0.57,0.33,0.4,0.33,0.1,0.84,0.42,0.04,0.28,COMPLETE
236,236,22.26954487,14:30.5,15:20.8,0 days 00:00:50.257986,0.14,0.13,0.68,0.87,0.51,0.35,0.47,0.32,0.13,0.86,0.4,0.03,0.27,COMPLETE
237,237,22.5312132,15:20.8,16:11.2,0 days 00:00:50.365783,0.17,0.12,0.67,0.87,0.52,0.34,0.46,0.32,0.08,0.87,0.43,0.02,0.28,COMPLETE
238,238,22.3028066,16:11.2,16:57.8,0 days 00:00:46.634667,0.11,0.13,0.7,0.87,0.56,0.35,0.51,0.33,0.12,0.84,0.41,0.04,0.26,COMPLETE
239,239,22.37433637,16:57.8,17:30.4,0 days 00:00:32.583367,0.14,0.13,0.7,0.85,0.56,0.35,0.5,0.34,0.12,0.88,0.39,0.04,0.3,COMPLETE
240,240,22.39164017,17:30.4,17:59.5,0 days 00:00:29.086559,0.13,0.1,0.68,0.82,0.55,0.34,0.47,0.33,0.1,0.85,0.4,0.02,0.27,COMPLETE
241,241,22.31029413,17:59.5,18:32.7,0 days 00:00:33.222772,0.21,0.13,0.7,0.88,0.59,0.36,0.52,0.3,0.13,0.86,0.41,0.04,0.25,COMPLETE
242,242,22.28659907,18:32.7,19:04.8,0 days 00:00:32.091989,0.12,0.13,0.7,0.87,0.54,0.36,0.5,0.3,0.13,0.87,0.41,0.04,0.26,COMPLETE
243,243,22.34990952,19:04.8,19:38.7,0 days 00:00:33.944728,0.08,0.14,0.7,0.88,0.58,0.36,0.53,0.3,0.12,0.85,0.41,0.04,0.27,COMPLETE
244,244,22.32249993,19:38.7,20:12.3,0 days 00:00:33.548231,0.1,0.13,0.7,0.88,0.59,0.36,0.54,0.3,0.12,0.84,0.39,0.05,0.25,COMPLETE
245,245,22.63257143,20:12.3,20:44.7,0 days 00:00:32.394228,0.1,0.14,0.7,0.88,0.56,0.36,0.54,0.3,0.08,0.83,0.4,0.05,0.3,COMPLETE
246,246,22.30499514,20:44.7,21:16.6,0 days 00:00:31.878417,0.11,0.14,0.7,0.88,0.59,0.35,0.56,0.31,0.13,0.85,0.41,0,0.25,COMPLETE
247,247,22.33306881,21:16.6,21:57.2,0 days 00:00:40.654993,0.19,0.1,0.71,0.83,0.62,0.31,0.55,0.32,0.13,0.82,0.44,0.01,0.25,COMPLETE
248,248,22.33581272,21:57.2,22:54.0,0 days 00:00:56.805362,0.19,0.1,0.71,0.84,0.61,0.3,0.55,0.32,0.13,0.82,0.44,0,0.25,COMPLETE
249,249,22.41149766,22:54.0,23:26.2,0 days 00:00:32.211924,0.2,0.1,0.71,0.83,0.6,0.31,0.54,0.32,0.1,0.81,0.44,0,0.25,COMPLETE
250,250,22.40275285,23:26.2,23:56.5,0 days 00:00:30.268274,0.1,0.16,0.71,0.85,0.62,0.3,0.57,0.35,0.13,0.82,0.39,0,0.28,COMPLETE
251,251,22.31094872,23:56.5,24:57.5,0 days 00:01:00.950630,0.19,0.12,0.69,0.87,0.59,0.33,0.57,0.31,0.13,0.84,0.44,0.02,0.25,COMPLETE
252,252,22.55976697,24:57.5,25:28.9,0 days 00:00:31.451362,0.13,0.13,0.69,0.88,0.58,0.34,0.6,0.29,0.08,0.84,0.46,0.02,0.26,COMPLETE
253,253,22.78690854,25:28.9,25:59.7,0 days 00:00:30.778646,0.22,0.11,0.68,0.87,0.65,0.32,0.56,0,0.11,0.85,0.42,0.03,0.25,COMPLETE
254,254,22.45404919,25:59.7,26:33.4,0 days 00:00:33.740585,0.26,0.16,0.69,0.86,0.61,0.36,0.52,0.31,0.15,0.87,0.36,0.02,0.29,COMPLETE
255,255,22.3675999,26:33.4,27:13.4,0 days 00:00:39.954239,0.11,0.14,0.71,0.89,0.59,0.34,0.61,0.34,0.12,0.84,0.39,0.05,0.27,COMPLETE
256,256,22.30841281,27:13.4,27:41.7,0 days 00:00:28.304573,0.18,0.09,0.67,0.83,0.58,0.37,0.56,0.37,0.16,0.86,0.41,0.06,0.24,COMPLETE
257,257,23.03422899,27:41.7,28:14.9,0 days 00:00:33.219462,0.15,0.09,0.67,0.81,0.59,0.37,0.56,0.37,0.37,0.86,0.41,0.07,0.24,COMPLETE
258,258,22.36411565,28:14.9,28:50.6,0 days 00:00:35.721363,0.18,0.13,0.69,0.83,0.55,0.34,0.57,0.35,0.16,0.81,0.44,0.04,0.3,COMPLETE
259,259,22.44626492,28:50.6,29:28.3,0 days 00:00:37.665683,0.21,0.11,0.71,0.84,0.58,0.36,0.69,0.29,0.18,0.87,0.47,0.02,0.25,COMPLETE
260,260,22.45287224,29:28.3,29:59.6,0 days 00:00:31.250887,0.12,0.08,0.67,0.89,0.64,0.32,0.55,0.32,0.15,0.83,0.38,0.05,0.28,COMPLETE
261,261,22.36592148,29:59.6,30:46.1,0 days 00:00:46.532062,0.25,0.12,0.72,0.87,0.52,0.35,0.51,0.31,0.1,0.88,0.41,0.06,0.26,COMPLETE
262,262,22.26225881,30:46.1,31:31.1,0 days 00:00:45.020472,0.19,0.09,0.75,0.86,0.55,0.37,0.58,0.37,0.13,0.85,0.43,0.08,0.23,COMPLETE
263,263,35.41376243,31:31.1,32:11.3,0 days 00:00:40.172081,0.19,0.09,0.75,0.85,0.55,0.37,0.58,0.37,0.13,0.85,0.45,0.08,0.91,COMPLETE
264,264,22.46917333,32:11.3,32:47.4,0 days 00:00:36.161758,0.08,0.15,0.69,0.8,0.57,0.33,0.53,0.34,0.09,0.79,0.45,0.02,0.23,COMPLETE
265,265,23.28179586,32:47.4,33:22.0,0 days 00:00:34.528364,0.16,0.11,0.75,0.87,0.6,0.37,0.56,0.29,0.62,0.84,0.43,0.07,0.23,COMPLETE
266,266,22.29836213,33:22.0,33:57.2,0 days 00:00:35.174153,0.15,0.08,0.67,0.89,0.54,0.35,0.63,0.36,0.16,0.86,0.4,0.04,0.24,COMPLETE
267,267,22.38802957,33:57.2,34:32.3,0 days 00:00:35.146645,0.14,0.08,0.67,0.89,0.52,0.38,0.6,0.4,0.19,0.86,0.37,0.09,0.23,COMPLETE
268,268,22.35848699,34:32.3,35:09.6,0 days 00:00:37.342697,0.24,0.18,0.18,0.89,0.54,0.35,0.64,0.35,0.16,0.88,0.41,0.04,0.28,COMPLETE
269,269,22.38389502,35:09.6,35:44.1,0 days 00:00:34.437827,0.16,0.08,0.66,0.86,0.56,0.35,0.5,0.38,0.18,0.89,0.39,0.06,0.24,COMPLETE
270,270,22.3359307,35:44.1,36:11.5,0 days 00:00:27.448266,0.11,0.13,0.68,0.89,0.5,0.38,0.5,0.36,0.16,0.86,0.35,0.04,0.3,COMPLETE
271,271,22.3700252,36:11.5,36:47.5,0 days 00:00:35.946696,0.05,0.15,0.7,0.87,0.54,0.33,0.68,0.28,0.11,0.89,0.47,0.09,0.23,COMPLETE
272,272,22.31056895,36:47.5,37:17.4,0 days 00:00:29.900916,0.15,0.07,0.77,0.9,0.58,0.36,0.62,0.33,0.14,0.84,0.13,0.06,0.25,COMPLETE
273,273,22.37179853,37:17.4,37:46.2,0 days 00:00:28.764085,0.29,0.08,0.77,0.9,0.59,0.36,0.58,0.33,0.14,0.84,0.08,0.03,0.27,COMPLETE
274,274,22.32557887,37:46.2,38:19.7,0 days 00:00:33.519284,0.14,0.11,0.74,0.86,0.57,0.34,0.61,0.3,0.12,0.81,0.04,0.11,0.25,COMPLETE
275,275,23.20433594,38:19.7,38:55.4,0 days 00:00:35.738859,0.22,0.07,0.76,0.9,0.51,0.38,0.66,0.34,0.48,0.86,0.4,0.07,0.28,COMPLETE
276,276,22.61222815,38:55.4,40:14.4,0 days 00:01:18.954008,0.17,0.09,0.78,0.84,0.53,0.32,0.65,0.37,0.07,0.83,0.47,0.01,0.25,COMPLETE
277,277,22.41832971,40:14.4,41:12.2,0 days 00:00:57.858712,0.09,0.12,0.73,0.87,0.56,0.36,0.64,0.31,0.1,0.88,0.11,0.05,0.27,COMPLETE
278,278,23.19385862,41:12.2,42:10.9,0 days 00:00:58.634609,0.12,0.1,0.69,0.89,0.59,0.06,0.63,0.34,0.14,0.8,0.38,0.03,0.31,COMPLETE
279,279,22.32570385,42:10.9,43:23.4,0 days 00:01:12.496766,0.05,0.08,0.74,0.9,0.51,0.38,0.72,0.28,0.12,0.85,0.14,0,0.23,COMPLETE
280,280,22.38295723,43:23.4,44:27.2,0 days 00:01:03.822130,0.15,0.06,0.66,0.85,0.63,0.28,0.59,0.32,0.15,0.87,0.41,0.08,0.25,COMPLETE
281,281,22.43451199,44:27.2,45:12.6,0 days 00:00:45.435909,0.2,0.17,0.71,0.88,0.54,0.34,0.53,0.3,0.1,0.89,0.43,0.05,0.29,COMPLETE
282,282,22.31065597,45:12.6,45:58.9,0 days 00:00:46.298120,0.34,0.13,0.69,0.87,0.57,0.36,0.62,0.36,0.16,0.77,0.39,0.1,0.23,COMPLETE
283,283,23.34205223,45:58.9,46:49.3,0 days 00:00:50.377388,0.18,0.13,0.68,0.83,0.57,0.32,0.62,0.36,0.81,0.76,0.39,0.02,0.23,COMPLETE
284,284,22.28529236,46:49.3,47:36.2,0 days 00:00:46.915386,0.13,0.15,0.7,0.87,0.6,0.36,0.62,0.39,0.13,0.83,0.37,0.07,0.22,COMPLETE
285,285,22.33333066,47:36.2,48:08.4,0 days 00:00:32.161163,0.39,0.16,0.66,0.86,0.55,0.35,0.62,0.4,0.14,0.82,0.36,0.09,0.19,COMPLETE
286,286,22.51060053,48:08.4,48:51.0,0 days 00:00:42.623523,0.15,0.11,0.68,0.85,0.61,0.3,0.61,0.37,0.19,0.86,0.42,0.07,0.21,COMPLETE
287,287,22.32515893,48:51.0,49:34.0,0 days 00:00:43.010442,0.23,0.15,0.7,0.91,0.58,0.38,0.67,0.38,0.16,0.89,0.45,0,0.23,COMPLETE
288,288,22.52510175,49:34.0,50:36.3,0 days 00:01:02.265216,0.17,0.06,0.66,0.87,0.53,0.33,0.63,0.35,0.08,0.78,0.41,0.11,0.22,COMPLETE
289,289,24.21909955,50:36.3,51:36.4,0 days 00:01:00.150788,0.2,0.1,0.72,0.81,0.67,0.37,0.59,0.33,0.13,0.87,0.47,0.03,0.55,COMPLETE
290,290,22.29003553,51:36.4,52:28.8,0 days 00:00:52.411886,0.32,0.07,0.76,0.9,0.5,0.35,0.47,0.39,0.16,0.83,0.43,0.06,0.27,COMPLETE
291,291,22.46000077,52:28.9,53:29.7,0 days 00:01:00.837030,0.3,0.07,0.75,0.9,0.51,0.34,0.49,0.38,0.2,0.8,0.42,0.08,0.27,COMPLETE
292,292,22.40367154,53:29.7,54:33.6,0 days 00:01:03.900430,0.13,0.09,0.78,0.88,0.5,0.36,0.59,0.39,0.18,0.83,0.37,0.07,0.29,COMPLETE
293,293,22.32543432,54:33.6,55:47.1,0 days 00:01:13.524331,0.18,0.14,0.69,0.84,0.55,0.32,0.51,0.43,0.11,0.85,0.43,0.1,0.26,COMPLETE
294,294,22.35689771,55:47.1,57:03.8,0 days 00:01:16.647012,0.12,0.12,0.79,0.91,0.53,0.35,0.42,0.42,0.16,0.83,0.62,0.06,0.27,COMPLETE
295,295,22.45712078,57:03.8,57:57.8,0 days 00:00:54.059889,0.45,0.07,0.67,0.57,0.6,0.38,0.47,0.35,0.12,0.9,0.4,0.02,0.31,COMPLETE
296,296,22.32666366,57:57.8,59:01.5,0 days 00:01:03.703340,0.34,0.1,0.76,0.86,0.56,0.29,0.57,0.33,0.14,0.81,0.44,0.04,0.24,COMPLETE
297,297,22.37222755,59:01.5,59:38.4,0 days 00:00:36.877678,0.21,0.06,0.7,0.89,0.63,0.33,0.43,0.41,0.16,0.87,0.38,0,0.23,COMPLETE
298,298,23.23840346,59:38.4,00:40.5,0 days 00:01:02.088982,0.15,0.18,0.74,0.87,0.5,0.37,0.48,0.36,0.67,0.85,0.45,0.11,0.26,COMPLETE
299,299,22.50482749,00:40.5,01:44.8,0 days 00:01:04.292642,0.42,0.12,0.68,0.82,0.57,0.35,0.64,0.33,0.09,0.88,0.4,0.06,0.29,COMPLETE
300,300,22.25956598,54:29.9,55:13.9,0 days 00:00:44.009462,0.34,0.08,0.72,0.91,0.53,0.38,0.52,0.36,0.13,0.79,0.42,0.03,0.25,COMPLETE
301,301,22.2920978,55:13.9,55:56.9,0 days 00:00:42.967153,0.27,0.09,0.66,0.91,0.53,0.31,0.61,0.37,0.13,0.78,0.42,0.03,0.27,COMPLETE
302,302,23.21209948,55:56.9,56:40.5,0 days 00:00:43.646820,0.32,0.09,0.65,0.01,0.53,0.3,0.61,0.4,0.1,0.74,0.41,0.02,0.28,COMPLETE
303,303,22.7854073,56:40.5,57:25.4,0 days 00:00:44.901266,0.29,0.11,0.67,0.9,0.52,0.31,0.6,0.37,0.06,0.77,0.58,0.04,0.31,COMPLETE
304,304,22.52774967,57:25.4,58:10.5,0 days 00:00:45.080441,0.36,0.08,0.69,0.88,0.56,0.33,0.57,0.35,0.13,0.81,0.35,0.02,0.33,COMPLETE
305,305,22.31669017,58:10.5,58:47.3,0 days 00:00:36.757592,0.39,0.09,0.67,0.85,0.54,0.35,0.61,0.39,0.11,0.79,0.37,0.05,0.26,COMPLETE
306,306,22.38439658,58:47.3,59:25.4,0 days 00:00:38.135875,0.27,0.14,0.66,0.91,0.58,0.28,0.53,0.37,0.13,0.75,0.42,0.03,0.28,COMPLETE
307,307,22.3743776,59:25.4,59:56.2,0 days 00:00:30.764230,0.31,0.12,0.72,0.88,0.51,0.32,0.66,0.34,0.1,0.8,0.43,0.98,0.25,COMPLETE
308,308,22.53414429,59:56.2,00:35.0,0 days 00:00:38.823894,0.34,0.07,0.7,0.84,0.54,0.36,0.63,0.32,0.08,0.78,0.39,0,0.27,COMPLETE
309,309,22.37643582,00:35.0,01:20.3,0 days 00:00:45.301911,0.24,0.1,0.69,0.78,0.6,0.34,0.55,0.35,0.14,0.83,0.4,0.88,0.3,COMPLETE
310,310,22.29397352,01:20.3,02:07.0,0 days 00:00:46.630045,0.19,0.15,0.72,0.91,0.57,0.38,0.58,0.38,0.12,0.84,0.43,0.05,0.24,COMPLETE
311,311,22.30883208,02:07.0,02:48.0,0 days 00:00:41.075488,0.33,0.16,0.72,0.92,0.56,0.38,0.59,0.41,0.11,0.82,0.38,0.08,0.23,COMPLETE
312,312,22.5416948,02:48.0,03:24.5,0 days 00:00:36.502230,0.14,0.15,0.77,0.91,0.5,0.38,0.59,0.41,0.07,0.82,0.24,0.07,0.22,COMPLETE
313,313,22.38711462,03:24.5,04:08.9,0 days 00:00:44.406812,0.26,0.17,0.75,0.92,0.52,0.38,0.52,0.39,0.09,0.85,0.37,0.05,0.24,COMPLETE
314,314,23.16606371,04:08.9,05:01.8,0 days 00:00:52.807205,0.17,0.06,0.72,0.92,0.55,0.81,0.49,0.44,0.11,0.83,0.41,0.08,0.27,COMPLETE
315,315,22.42491124,05:01.8,05:46.7,0 days 00:00:44.958460,0.22,0.16,0.73,0.9,0.55,0.38,0.43,0.38,0.12,0.86,0.43,0.06,0.29,COMPLETE
316,316,23.73364874,05:46.7,06:25.0,0 days 00:00:38.310781,0.08,0.08,0.28,0.1,0.49,0.39,0.93,0.41,0.09,0.5,0.34,0.04,0.26,COMPLETE
317,317,29.34030781,06:25.0,07:04.5,0 days 00:00:39.511545,0.12,0.05,0.72,0.92,0.52,0.35,0.58,0.37,0.11,0.8,0.38,0.03,0.79,COMPLETE
318,318,22.30523163,07:04.5,07:45.9,0 days 00:00:41.326024,0.2,0.18,0.76,0.89,0.57,0.37,0.47,0.34,0.14,0.84,0.17,0.06,0.2,COMPLETE
319,319,24.55813934,07:45.9,08:15.4,0 days 00:00:29.501398,0.2,0.18,0.74,0.89,0.53,0.39,0.48,0.39,0.12,0.88,0.41,0.08,0.6,COMPLETE
320,320,22.85362306,08:15.4,08:55.7,0 days 00:00:40.323217,0.28,0.15,0.66,0.89,0.55,0.37,0.4,0.35,0.05,0.82,0.43,0,0.21,COMPLETE
321,321,22.66085877,08:55.7,09:34.1,0 days 00:00:38.369769,0.32,0.14,0.71,0.85,0.49,0.3,0.46,0.97,0.14,0.86,0.17,0.04,0.19,COMPLETE
322,322,22.59002602,09:34.1,10:15.4,0 days 00:00:41.297834,0.24,0.18,0.72,0.88,0.57,0.34,0.51,0.42,0.08,0.9,0.39,0.02,0.18,COMPLETE
323,323,22.31814465,10:15.4,10:56.6,0 days 00:00:41.192367,0.18,0.1,0.38,0.92,0.52,0.39,0.47,0.37,0.11,0.84,0.36,0.06,0.22,COMPLETE
324,324,22.3513942,10:56.6,11:28.0,0 days 00:00:31.471770,0.22,0.16,0.75,0.86,0.61,0.32,0.43,0.32,0.14,0.87,0.41,0.08,0.23,COMPLETE
325,325,22.34593258,11:28.0,12:02.5,0 days 00:00:34.494616,0.19,0.11,0.65,0.82,0.5,0.37,0.5,0.34,0.12,0.89,0.45,0.05,0.2,COMPLETE
