,number,value,datetime_start,datetime_complete,duration,params_precip_const_1,params_precip_const_2,params_precip_const_3,params_precip_const_4,params_precip_const_5,params_precip_const_6,params_precip_const_7,params_precip_const_8,params_precip_const_9,params_precip_const_10,params_precip_const_11,params_precip_const_12,params_residual_const_1,params_residual_const_2,params_residual_const_3,params_residual_const_4,params_residual_const_5,params_residual_const_6,params_residual_const_7,params_residual_const_8,params_residual_const_9,params_residual_const_10,params_residual_const_11,params_residual_const_12,state
343,343,22.76712574,09:29.7,10:16.7,0 days 00:00:46.955673,0.46,0.06,0.43,0.37,0.3,0.36,0.59,0.45,0.14,0.67,0.66,0.75,0.11,0.87,0.05,0.94,0.22,0.44,0.31,0.22,0.92,0.12,0.3,0.6,COMPLETE
344,344,22.30613405,10:16.7,11:07.9,0 days 00:00:51.223538,0.39,0.76,0.41,0.96,0.28,0.38,0.48,0.49,0.12,0.72,0.52,0.65,0.06,0.71,0.07,0.95,0.26,0.48,0.46,0.28,0.84,0.09,0.52,0.62,COMPLETE
345,345,22.3484193,11:07.9,12:34.7,0 days 00:01:26.775941,0.37,0.84,0.41,0.96,0.27,0.34,0.48,0.48,0.11,0.76,0.51,0.7,0.07,0.71,0.07,0.96,0.29,0.48,0.51,0.28,0.85,0.1,0.46,0.64,COMPLETE
346,346,22.60701624,12:34.7,13:38.8,0 days 00:01:04.108894,0.39,0.09,0.45,0.92,0.25,0.32,0.47,0.43,0.07,0.78,0.48,0.62,0.05,0.76,0.13,0.97,0.26,0.45,0.26,0.28,0.87,0.08,0.22,0.6,COMPLETE
347,347,22.42475547,13:38.8,14:12.5,0 days 00:00:33.719313,0.43,0.05,0.39,1,0.31,0.36,0.55,0.47,0.19,0.72,0.57,0.67,0.05,0.73,0.1,0.89,0.28,0.42,0.29,0.31,0.83,0.09,0.48,0.63,COMPLETE
348,348,22.34011295,14:12.5,14:46.1,0 days 00:00:33.548466,0.39,0.9,0.43,0.95,0.28,0.38,0.61,0.52,0.14,0.69,0.53,0.59,0.14,0.98,0.02,0.95,0.26,0.5,0.5,0.17,0.97,0.06,0.24,0.55,COMPLETE
349,349,22.56887192,14:46.1,15:26.9,0 days 00:00:40.859697,0.46,0.02,0.41,0.98,0.3,0.37,0.52,0.44,0.11,0.74,0.51,0.65,0.09,0.71,0.07,0.91,0.12,0.45,0.46,0.21,0.34,0.12,0.51,0.62,COMPLETE
350,350,22.33846802,15:26.9,16:23.2,0 days 00:00:56.224990,0.33,0.94,0.38,0.96,0.28,0.35,0.57,0.48,0.16,0.76,0.72,0.63,0.01,0.82,0.02,0.98,0.24,0.41,0.35,0.24,0.9,0.07,0.54,0.57,COMPLETE
351,351,22.34986838,16:23.2,16:53.1,0 days 00:00:29.963404,0.42,0.07,0.4,0.93,0.32,0.4,0.47,0.41,0.12,0.63,0.6,0.69,0.17,0.77,0.04,0.94,0.26,0.48,0.52,0.27,0.85,0.1,0.22,0.64,COMPLETE
352,352,23.34970484,16:53.1,18:14.6,0 days 00:01:21.495143,0.44,0.74,0.37,1,0.25,0.32,0.42,0.5,0.85,0.72,0.69,0.78,0.14,0.74,0.09,0.92,0.23,0.43,0.31,0.34,0.88,0,0.32,0.67,COMPLETE
353,353,22.4400426,18:14.6,19:40.1,0 days 00:01:25.456503,0.36,0.13,0.43,0.97,0.29,0.3,0.5,0.46,0.09,0.7,0.63,0.72,0.04,0.94,0.04,0.88,0.29,0.46,0.26,0.3,0.92,0.13,0.52,0.24,COMPLETE
354,354,22.41307028,19:40.1,20:24.2,0 days 00:00:44.147792,0.4,0.1,0.47,0.94,0.32,0.38,0.67,0.53,0.17,0.75,0.55,0.67,0.07,0.85,0.06,0.85,0.24,0.49,0.29,0.25,0.89,0.06,0.49,0.59,COMPLETE
355,355,22.74035845,20:24.2,21:53.7,0 days 00:01:29.426936,0.41,0.08,0.39,0.98,0.66,0.34,0.53,0.49,0.15,0.79,0.72,0.6,0.32,1,0.01,0.96,0.2,0.44,0.33,0.09,0.86,0.93,0.28,0.61,COMPLETE
356,356,22.330367,21:53.7,22:34.3,0 days 00:00:40.635352,0.44,0,0.41,1,0.3,0.36,0.47,0.45,0.13,0.73,0.67,0.65,0.12,0.81,0.08,0.94,0.27,0.53,0.23,0.22,0.83,0.08,0.25,0.64,COMPLETE
357,357,22.40992238,22:34.3,23:42.5,0 days 00:01:08.186122,0.38,0.86,0.38,0.96,0.27,0.33,0.58,0.47,0.18,0.67,0.74,0.62,0.7,0.9,0.11,0.98,0.24,0.41,0.27,0.18,0.93,0.02,0.58,0.67,COMPLETE
358,358,23.0041972,23:42.5,24:19.5,0 days 00:00:36.972763,0.42,0.05,0.45,0.98,0.32,0.43,0.89,0.94,0.1,0.72,0.71,0.67,0.42,0.98,0.04,0.9,0.22,0.51,0.47,0.28,0.95,0.11,0.41,0.54,COMPLETE
359,359,22.43389825,24:19.5,25:19.2,0 days 00:00:59.769581,0.46,0.14,0.36,0.95,0.3,0.38,0.56,0.43,0.14,0.76,0.49,0.63,0,0.77,0,0.92,0.19,0.47,0.37,0.32,0.9,0.05,0.3,0.57,COMPLETE
360,360,22.29076687,25:19.2,25:58.9,0 days 00:00:39.636782,0.39,0.11,0.41,1,0.27,0.4,0.49,0.51,0.12,0.69,0.69,0.69,0.09,0.93,0.02,0.95,0.26,0.43,0.31,0.24,0.87,0.09,0.28,0.62,COMPLETE
361,361,22.33593627,25:58.9,27:31.2,0 days 00:01:32.301300,0.36,0.11,0.43,1,0.25,0.41,0.5,0.53,0.12,0.69,0.69,0.7,0.09,0.94,0.02,0.95,0.3,0.43,0.29,0.24,0.87,0.1,0.73,0.62,COMPLETE
362,362,22.51293922,27:31.2,28:49.0,0 days 00:01:17.840946,0.39,0.09,0.4,1,0.27,0.4,0.48,0.64,0.08,0.65,0.66,0.68,0.66,0.97,0,0.98,0.27,0.41,0.25,0.22,0.85,0.13,0.55,0.65,COMPLETE
363,363,22.42702845,28:49.0,29:29.0,0 days 00:00:39.981986,0.38,0.12,0.42,0.97,0.28,0.44,0.42,0.51,0.1,0.7,0.69,0.96,0.05,0.92,0.14,0.96,0.26,0.37,0.3,0.26,0.82,0.08,0.32,0.6,COMPLETE
364,364,23.11945271,29:29.0,30:00.9,0 days 00:00:31.902849,0.1,0.1,0.41,0.92,0.24,0.38,0.43,0.49,0.03,0.67,0.64,0.65,0.1,0.74,0.02,0.94,0.22,0.48,0.34,0.16,0.88,0.09,0.28,0.62,COMPLETE
365,365,22.43667366,30:00.9,30:42.9,0 days 00:00:41.987642,0.4,0.77,0.39,0.98,0.29,0.4,0.47,0.59,0.12,0.71,0.41,0.6,0.07,0.8,0.04,0.93,0.17,0.43,0.28,0.19,0.84,0.58,0.3,0.64,COMPLETE
366,366,23.08548271,30:42.9,31:14.5,0 days 00:00:31.628316,0.81,0.14,0.45,0.34,0.34,0.35,0.51,0.51,0.06,0.73,0.71,0.69,0.16,0.94,0.06,0.98,0.25,0.46,0.49,0.21,0.86,0.12,0.27,0.68,COMPLETE
367,367,22.91856716,31:14.5,31:50.3,0 days 00:00:35.753895,0.44,0.07,0.37,1,0.26,0.37,0.49,0.49,0.33,0.69,0.67,0.66,0.02,0.84,0.02,0.96,0.28,0.41,0.31,0.24,0.89,0.06,0.21,0.59,COMPLETE
368,368,22.39134425,31:50.3,32:25.0,0 days 00:00:34.733423,0.46,0.09,0.41,0.96,0.3,0.43,0.46,0.53,0.14,0.72,0.74,0.71,0.04,0.71,0.08,0.92,0.2,0.5,0.26,0.27,0.87,0.1,0.29,0.65,COMPLETE
369,369,22.92314632,32:25.0,32:57.9,0 days 00:00:32.881059,0.36,0.12,0.39,0.4,0.37,0.33,0.43,0.56,0.09,0.78,0.62,0.64,0.14,0.76,0,0.95,0.22,0.45,0.24,0.25,0.81,0.07,0.23,0.62,COMPLETE
370,370,22.34177759,32:57.9,33:37.3,0 days 00:00:39.417218,0.42,0.07,0.43,0.94,0.33,0.4,0.52,0.47,0.11,0.74,0.65,0.67,0.2,0.96,0.04,0.87,0.23,0.47,0.55,0.21,0.9,0.08,0.34,0.7,COMPLETE
371,371,22.24943463,33:37.3,34:12.2,0 days 00:00:34.909982,0.4,0.11,0.37,0.98,0.27,0.35,0.49,0.45,0.14,0.69,0.69,0.63,0.39,0.92,0.1,0.93,0.26,0.43,0.34,0.23,0.84,0.11,0.27,0.67,COMPLETE
372,372,22.69344629,34:12.2,34:56.4,0 days 00:00:44.193263,0.44,0.1,0.84,1,0.24,0.31,0.5,0.41,0.15,0.66,0.7,0.61,0.18,0.78,0.11,0.91,0.28,0.38,0.28,0.23,0.84,0.13,0.24,0.68,COMPLETE
373,373,23.24278723,34:56.4,35:32.3,0 days 00:00:35.839127,0.3,0.08,0.38,0.96,0.26,0.35,0.6,0.44,0.56,0.68,0.72,0.63,0.52,0.93,0.14,0.98,0.3,0.43,0.3,0.21,0.82,0.11,0.26,0.72,COMPLETE
374,374,22.38040948,35:32.3,36:13.1,0 days 00:00:40.839319,0.38,0.04,0.4,0.98,0.28,0.33,0.53,0.45,0.18,0.7,0.68,0.61,0.16,0.98,0.08,0.93,0.26,0.4,0.32,0.19,0.85,0.11,0.22,0.67,COMPLETE
375,375,22.3167955,36:13.1,36:53.4,0 days 00:00:40.293613,0.47,0.14,0.33,0.94,0.27,0.3,0.46,0.5,0.12,0.69,0.69,0.58,0.27,0.75,0.11,0.89,0.25,0.43,0.27,0.82,0.83,0.09,0.26,0.7,COMPLETE
376,376,22.59082238,36:53.4,37:32.9,0 days 00:00:39.541690,0.46,0.14,0.31,0.92,0.3,0.3,0.43,0.51,0.08,0.67,0.72,0.57,0.37,0.81,0.02,0.87,0.26,0.42,0.27,0.16,0.81,0.13,0.26,0.71,COMPLETE
377,377,22.37963895,37:32.9,38:11.9,0 days 00:00:38.919038,0.33,0.16,0.33,0.94,0.29,0.27,0.46,0.55,0.11,0.62,0.69,0.59,0.22,0.96,0.12,0.89,0.28,0.44,0.23,0.19,0.83,0.09,0.21,0.69,COMPLETE
378,378,23.08214256,38:11.9,38:52.4,0 days 00:00:40.567803,0.47,0.06,0.37,0.95,0.24,0.78,0.41,0.5,0.12,0.65,0.75,0.51,0.36,0.94,0,0.9,0.3,0.41,0.29,0.23,0.8,0.11,0.24,0.73,COMPLETE
379,379,22.35130559,38:52.4,39:28.0,0 days 00:00:35.563971,0.41,0.1,0.34,0.97,0.27,0.29,0.48,0.52,0.14,0.68,0.71,0.59,0.02,1,0.06,0.92,0.25,0.38,0.25,0.97,0.87,0.13,0.31,0.03,COMPLETE
380,380,22.46086787,39:28.0,40:11.4,0 days 00:00:43.353777,0.47,0.09,0.31,0.96,0.31,0.27,0.46,0.49,0.1,0.7,0.68,0.72,0.07,0.77,0.09,0.96,0.23,0.44,0.33,0.78,0.91,0.65,0.26,0.7,COMPLETE
381,381,22.32856691,40:11.4,40:44.9,0 days 00:00:33.569565,0.37,0.14,0.33,0.93,0.32,0.31,0.44,0.42,0.13,0.69,0.67,0.62,0.46,0.92,0.02,0.86,0.26,0.42,0.27,0.18,0.83,0.09,0.23,0.67,COMPLETE
382,382,22.50664319,40:44.9,41:35.4,0 days 00:00:50.503441,0.4,0.68,0.37,0.98,0.29,0.33,0.49,0.54,0.08,0.64,0.73,0.69,0.04,0.72,0.13,0.89,0.19,0.45,0.31,0.29,0.94,0.07,0.29,0.65,COMPLETE
383,383,22.30975796,41:35.4,42:08.1,0 days 00:00:32.649374,0.43,0.04,0.35,0.95,0.25,0.34,0.46,0.45,0.12,0.71,0.7,0.58,0,0.83,0.07,0.92,0.28,0.4,0.36,0.21,0.87,0.1,0.26,0.67,COMPLETE
384,384,22.44573529,42:08.1,42:51.1,0 days 00:00:42.968334,0.44,0.03,0.34,0.91,0.23,0.31,0.4,0.44,0.1,0.71,0.71,0.59,0,0.83,0.11,0.92,0.31,0.34,0.37,0.21,0.85,0.11,0.21,0.19,COMPLETE
385,385,22.30960052,42:51.1,43:33.8,0 days 00:00:42.784057,0.04,0.05,0.36,0.94,0.25,0.34,0.44,0.45,0.12,0.67,0.96,0.61,0.34,0.8,0.07,0.88,0.29,0.4,0.35,0.86,0.88,0.13,0.24,0.7,COMPLETE
386,386,22.35179751,43:33.8,44:09.5,0 days 00:00:35.606132,0.16,0.04,0.32,0.91,0.24,0.32,0.46,0.41,0.12,0.67,0.99,0.57,0.26,0.79,0.07,0.85,0.29,0.4,0.36,0.83,0.87,0.13,0.24,0.7,COMPLETE
387,387,22.75839181,44:09.5,44:45.1,0 days 00:00:35.677929,0.87,0.61,0.34,0.94,0.25,0.34,0.44,0.45,0.05,0.65,0.81,0.59,0.28,0.83,0.07,0.88,0.3,0.37,0.34,0.82,0.83,0.09,0.26,0.73,COMPLETE
388,388,22.31371576,44:45.1,45:23.5,0 days 00:00:38.362305,0.42,0.06,0.47,0.94,0.26,0.28,0.47,0.43,0.14,0.69,0.84,0.05,0.32,0.81,0.04,0.9,0.28,0.41,0.39,0.19,0.86,0.11,0.24,0.67,COMPLETE
389,389,22.43002086,45:23.5,46:04.7,0 days 00:00:41.207578,0.43,0.05,0.48,0.96,0.26,0.23,0.58,0.43,0.16,0.67,0.82,0.63,0.41,0.81,0.04,0.91,0.31,0.39,0.4,0.18,0.87,0.14,0.53,0.68,COMPLETE
390,390,22.27511593,46:04.7,46:43.7,0 days 00:00:38.963278,0.41,0.02,0.55,0.93,0.25,0.37,0.56,0.41,0.14,0.7,0.78,0.68,0.34,0.87,0.03,0.87,0.28,0.41,0.39,0.2,0.86,0.11,0.23,0.67,COMPLETE
391,391,22.41200185,46:43.7,47:15.7,0 days 00:00:31.982836,0.06,0.03,0.53,0.89,0.23,0.25,0.44,0.41,0.15,0.69,0.95,0.69,0.32,0.87,0.02,0.84,0.29,0.4,0.39,0.2,0.88,0.77,0.22,0.68,COMPLETE
392,392,22.43041885,47:15.7,47:44.6,0 days 00:00:28.945247,0.23,0.02,0.46,0.92,0.25,0.36,0.49,0.4,0.19,0.63,0.9,0,0.34,0.85,0,0.87,0.28,0.36,0.38,0.19,0.86,0.12,0.59,0.71,COMPLETE
393,393,22.43937062,47:44.6,48:24.4,0 days 00:00:39.828760,0.42,0.02,0.58,0.93,0.26,0.28,0.63,0.44,0.17,0.7,0.77,0.73,0.39,0.83,0.03,0.84,0.31,0.4,0.37,0.16,0.9,0.11,0.23,0.67,COMPLETE
394,394,22.3400026,48:24.4,49:00.8,0 days 00:00:36.406910,0.42,0.05,0.61,0.95,0.24,0.37,0.47,0.42,0.14,0.67,0.45,0.08,0.3,0.86,0.04,0.9,0.28,0.42,0.35,0.73,0.86,0.14,0.21,0.67,COMPLETE
395,395,22.77196265,49:00.8,49:39.9,0 days 00:00:39.108904,0.21,0.04,0.56,0.91,0.28,0.38,0.43,0.44,0.15,0.7,0.84,0.71,0.35,0.8,0.69,0.87,0.27,0.38,0.39,0.22,0.88,0.11,0.24,0.72,COMPLETE
396,396,22.99206327,49:39.9,50:15.6,0 days 00:00:35.659410,0.26,0.06,0.51,0.23,0.27,0.34,0.56,0.41,0.1,0.71,0.88,0.67,0.36,0.83,0,0.9,0.32,0.42,0.35,0.17,0.91,0.1,0.25,0.69,COMPLETE
397,397,22.48953248,50:15.6,50:53.5,0 days 00:00:37.850443,0.14,0.02,0.54,0.96,0.25,0.37,0.5,0.43,0.2,0.66,0.86,0.7,0.33,0.88,0.02,0.94,0.27,0.41,0.37,0.91,0.89,0.13,0.21,0.66,COMPLETE
398,398,22.30263171,50:53.5,51:26.6,0 days 00:00:33.101414,0.45,0.07,0.49,0.94,0.23,0.33,0.6,0.47,0.13,0.61,0.77,0.06,0.38,0.8,0.04,0.97,0.29,0.44,0.4,0.89,0.85,0.09,0.23,0.65,COMPLETE
399,399,22.33499449,51:26.6,52:02.2,0 days 00:00:35.641185,0.42,0.08,0.5,0.9,0.23,0.41,0.61,0.46,0.16,0.61,0.95,0.04,0.39,0.8,0.06,0.98,0.27,0.35,0.41,0.2,0.84,0.09,0.24,0.65,COMPLETE
