,number,value,datetime_start,datetime_complete,duration,params_precip_const_1,params_precip_const_2,params_precip_const_3,params_precip_const_4,params_precip_const_5,params_precip_const_6,params_precip_const_7,params_precip_const_8,params_precip_const_9,params_precip_const_10,params_precip_const_11,params_precip_const_12,params_residual_const_1,params_residual_const_2,params_residual_const_3,params_residual_const_4,params_residual_const_5,params_residual_const_6,params_residual_const_7,params_residual_const_8,params_residual_const_9,params_residual_const_10,params_residual_const_11,params_residual_const_12,state
228,228,22.52315153,27:02.1,27:52.2,0 days 00:00:50.061271,0.46,0.17,0.5,0.95,0.46,0.33,0.47,0.46,0.09,0.8,0.92,0.6,0.97,0.54,0.06,0.95,0.18,0.44,0.19,0.05,0.91,0.13,0.23,0.66,COMPLETE
229,229,22.7338093,27:52.2,29:05.4,0 days 00:01:13.180755,0.42,0.13,0.38,1,0.43,0.35,0.53,0.43,0.06,0.77,0.08,0.64,0.98,0.58,0,0.97,0.18,0.37,0.22,0.09,0.97,0.14,0.18,0.68,COMPLETE
230,230,22.61458496,29:05.4,29:53.3,0 days 00:00:47.902490,0.48,0.19,0.41,0.94,0.39,0.3,0.45,0.42,0.11,0.8,0.04,0.58,0.96,0.62,0.14,0.88,0.1,0.4,0.25,0.14,0.88,0.19,0.25,0.65,COMPLETE
231,231,22.45632334,29:53.3,30:35.9,0 days 00:00:42.646195,0.4,0.15,0.45,0.93,0.47,0.35,0.49,0.46,0.11,0.75,0.09,0.66,0.98,0.61,0.03,0.91,0.14,0.35,0.14,0.01,0.93,0.15,0.22,0.67,COMPLETE
232,232,22.40035077,30:35.9,31:18.7,0 days 00:00:42.821889,0.42,0.15,0.44,0.95,0.49,0.33,0.49,0.45,0.11,0.7,0.09,0.61,0.96,0.6,0.04,0.93,0.19,0.41,0.1,0,0.94,0.17,0.26,0.68,COMPLETE
233,233,22.53970307,31:18.7,32:23.0,0 days 00:01:04.287080,0.45,0.11,0.37,0.96,0.54,0.32,0.55,0.41,0.09,0.78,0.84,0.61,1,0.56,0.05,0.93,0.2,0.41,0.12,0.04,0.9,0.11,0.18,0.61,COMPLETE
234,234,22.39589345,32:23.0,33:11.7,0 days 00:00:48.692641,0.49,0.18,0.41,0.95,0.41,0.33,0.43,0.48,0.11,0.81,0.68,0.62,0.96,0.59,0.16,0.95,0.16,0.43,0.18,0.19,0.97,0.17,0.22,0.69,COMPLETE
235,235,22.41004555,33:11.7,34:22.7,0 days 00:01:10.975960,0.49,0.16,0.48,0.99,0.41,0.29,0.47,0.44,0.12,0.81,0.73,0.58,0.96,0.63,0.02,0.98,0.16,0.43,0.19,0.23,0.98,0.18,0.26,0.69,COMPLETE
236,236,22.61588066,34:22.7,35:03.2,0 days 00:00:40.483096,0.43,0.16,0.49,0.99,0.42,0.29,0.48,0.44,0.08,0.73,0.68,0.58,0.96,0.6,0.03,1,0.16,0.43,0.09,0.22,0.98,0.18,0.26,0.69,COMPLETE
237,237,22.40396402,35:03.2,35:55.4,0 days 00:00:52.230204,0.49,0.18,0.47,0.96,0.4,0.31,0.46,0.45,0.11,0.81,0.61,0.6,0.98,0.63,0.07,0.97,0.17,0.45,0.19,0.15,1,0.17,0.28,0.69,COMPLETE
238,238,22.70292837,35:55.4,36:40.1,0 days 00:00:44.648577,0.49,0.13,0.46,0.92,0.4,0.31,0.51,0.49,0.07,0.76,0.76,0.63,0.96,0.62,0.02,0.97,0.17,0.46,0.19,0.12,0.95,0.14,0.28,0.69,COMPLETE
239,239,22.47366548,36:40.1,37:20.8,0 days 00:00:40.721611,0.46,0.18,0.52,0.95,0.51,0.29,0.47,0.44,0.11,0.81,0.62,0.6,0.98,0.68,0.07,0.9,0.15,0.37,0.21,0.15,0.99,0.17,0.27,0.69,COMPLETE
240,240,22.37736153,37:20.8,38:22.3,0 days 00:01:01.474963,0.49,0.15,0.43,1,0.39,0.32,0.45,0.46,0.11,0.77,0.7,0.6,0.96,0.75,0.01,0.98,0.19,0.44,0.18,0.24,0.91,0.12,0.24,0.68,COMPLETE
241,241,22.48405863,38:22.3,39:11.5,0 days 00:00:49.218596,0.49,0.15,0.43,1,0.39,0.33,0.44,0.48,0.1,0.77,0.72,0.6,0.96,0.6,0.22,0.98,0.19,0.45,0.17,0.24,1,0.11,0.24,0.68,COMPLETE
242,242,22.37326819,39:11.5,39:50.4,0 days 00:00:38.923533,0.46,0.1,0.41,0.96,0.31,0.32,0.46,0.46,0.12,0.74,0.7,0.64,0.98,0.75,0.01,0.96,0.2,0.41,0.19,0.19,0.91,0.13,0.23,0.66,COMPLETE
243,243,22.3356473,39:50.4,40:45.9,0 days 00:00:55.523526,0.45,0.1,0.4,0.99,0.31,0.36,0.46,0.46,0.12,0.81,0.71,0.58,0.96,0.63,0.02,0.95,0.2,0.43,0.21,0.19,0.91,0.12,0.26,0.66,COMPLETE
244,244,22.28017894,40:45.9,41:31.4,0 days 00:00:45.492111,0.47,0.09,0.4,0.99,0.32,0.36,0.46,0.46,0.14,0.8,0.71,0.58,0.95,0.8,0.01,0.95,0.23,0.43,0.29,0.23,0.97,0.13,0.26,0.7,COMPLETE
245,245,22.30813744,41:31.4,42:32.2,0 days 00:01:00.734880,0.44,0.1,0.4,0.99,0.31,0.36,0.46,0.46,0.14,0.72,0.7,0.64,0.98,0.74,0,0.95,0.22,0.44,0.29,0.19,0.87,0.09,0.23,0.66,COMPLETE
246,246,22.28648455,42:32.2,43:49.3,0 days 00:01:17.151942,0.43,0.09,0.41,1,0.31,0.37,0.45,0.46,0.14,0.69,0.71,0.64,0.95,0.78,0,0.95,0.23,0.41,0.29,0.2,0.88,0.09,0.23,0.65,COMPLETE
247,247,22.29610722,43:49.3,44:36.8,0 days 00:00:47.490606,0.44,0.1,0.39,1,0.31,0.36,0.45,0.46,0.14,0.71,0.7,0.65,0.03,0.77,0,0.95,0.23,0.42,0.29,0.19,0.88,0.09,0.23,0.65,COMPLETE
248,248,22.30797339,44:36.8,45:46.9,0 days 00:01:10.049082,0.42,0.1,0.39,1,0.31,0.36,0.44,0.46,0.14,0.68,0.7,0.68,0.02,0.79,0,0.95,0.23,0.44,0.28,0.19,0.87,0.12,0.3,0.65,COMPLETE
249,249,22.29893457,45:46.9,47:17.7,0 days 00:01:30.854973,0.43,0.09,0.39,1,0.31,0.36,0.45,0.47,0.14,0.73,0.69,0.68,0.04,0.78,0.01,0.95,0.23,0.44,0.29,0.2,0.87,0.09,0.23,0.65,COMPLETE
250,250,22.31516092,47:17.7,48:29.6,0 days 00:01:11.907280,0.39,0.1,0.4,1,0.31,0.37,0.45,0.49,0.14,0.72,0.7,0.66,0,0.78,0,0.96,0.23,0.48,0.29,0.19,0.89,0.1,0.3,0.65,COMPLETE
251,251,22.32877805,48:29.6,49:40.1,0 days 00:01:10.485690,0.38,0.08,0.39,1,0.31,0.37,0.45,0.48,0.15,0.69,0.7,0.68,0.03,0.78,0,0.96,0.23,0.47,0.29,0.19,0.88,0.1,0.32,0.65,COMPLETE
252,252,22.34773796,49:40.1,51:12.0,0 days 00:01:31.913659,0.36,0.09,0.4,1,0.31,0.36,0.45,0.49,0.15,0.69,0.7,0.68,0.03,0.78,0,0.96,0.23,0.52,0.29,0.19,0.88,0.11,0.31,0.66,COMPLETE
253,253,22.35047697,51:12.0,52:47.2,0 days 00:01:35.160595,0.38,0.1,0.4,1,0.31,0.37,0.45,0.49,0.15,0.68,0.7,0.69,0.02,0.8,0,1,0.23,0.52,0.29,0.2,0.87,0.1,0.31,0.66,COMPLETE
254,254,22.3449919,52:47.2,53:44.2,0 days 00:00:57.025257,0.38,0.1,0.4,1,0.31,0.37,0.45,0.5,0.15,0.68,0.7,0.68,0.03,0.79,0,0.96,0.23,0.51,0.29,0.2,0.87,0.09,0.31,0.65,COMPLETE
255,255,22.34749626,53:44.2,55:05.1,0 days 00:01:20.862796,0.38,0.1,0.39,1,0.3,0.37,0.45,0.51,0.15,0.68,0.7,0.69,0.02,0.78,0,1,0.23,0.5,0.35,0.22,0.87,0.1,0.3,0.65,COMPLETE
256,256,22.35640585,55:05.1,56:00.2,0 days 00:00:55.052112,0.38,0.09,0.4,1,0.31,0.37,0.45,0.52,0.15,0.68,0.7,0.69,0.03,0.78,0,1,0.23,0.52,0.3,0.22,0.87,0.1,0.31,0.66,COMPLETE
257,257,22.35733851,56:00.2,57:25.9,0 days 00:01:25.785005,0.38,0.09,0.4,1,0.3,0.36,0.45,0.53,0.15,0.68,0.7,0.69,0.03,0.8,0,1,0.23,0.52,0.3,0.2,0.87,0.09,0.31,0.65,COMPLETE
258,258,22.37389602,57:25.9,58:40.1,0 days 00:01:14.177745,0.38,0.09,0.39,1,0.29,0.37,0.44,0.54,0.15,0.68,0.66,0.7,0.02,0.8,0.01,0.99,0.23,0.54,0.34,0.22,0.87,0.09,0.31,0.65,COMPLETE
259,259,22.35424569,58:40.1,00:11.6,0 days 00:01:31.443539,0.35,0.06,0.39,1,0.31,0.36,0.44,0.52,0.15,0.68,0.75,0.68,0.07,0.79,0,1,0.23,0.5,0.3,0.2,0.86,0.09,0.32,0.6,COMPLETE
260,260,22.35722069,00:11.6,01:27.9,0 days 00:01:16.329619,0.36,0.06,0.4,1,0.31,0.37,0.44,0.52,0.15,0.66,0.74,0.68,0.06,0.79,0,1,0.23,0.51,0.3,0.21,0.86,0.09,0.31,0.6,COMPLETE
261,261,22.35932031,01:27.9,02:34.4,0 days 00:01:06.550967,0.34,0.05,0.4,1,0.31,0.37,0.44,0.51,0.15,0.67,0.75,0.69,0.07,0.79,0,1,0.23,0.52,0.3,0.21,0.88,0.09,0.33,0.61,COMPLETE
262,262,22.35288262,02:34.4,03:27.9,0 days 00:00:53.435580,0.34,0.06,0.37,1,0.31,0.37,0.45,0.51,0.15,0.66,0.77,0.68,0.07,0.79,0,1,0.23,0.51,0.3,0.21,0.87,0.09,0.31,0.61,COMPLETE
263,263,22.36143087,03:27.9,04:51.7,0 days 00:01:23.794148,0.37,0.07,0.37,1,0.3,0.37,0.45,0.54,0.15,0.69,0.78,0.67,0.05,0.83,0,1,0.23,0.5,0.39,0.2,0.86,0.1,0.3,0.59,COMPLETE
264,264,22.36252659,04:51.7,05:36.9,0 days 00:00:45.219835,0.34,0.09,0.38,1,0.31,0.37,0.45,0.52,0.15,0.64,0.7,0.68,0.01,0.78,0,1,0.24,0.53,0.32,0.22,0.89,0.07,0.35,0.6,COMPLETE
265,265,22.3808088,05:36.9,06:15.7,0 days 00:00:38.818042,0.39,0.06,0.39,1,0.3,0.36,0.46,0.53,0.15,0.66,0.74,0.71,0.08,0.82,0,0.97,0.22,0.57,0.29,0.2,0.87,0.1,0.32,0.61,COMPLETE
266,266,22.37683072,06:15.7,07:30.0,0 days 00:01:14.304609,0.36,0.04,0.37,1,0.31,0.38,0.44,0.51,0.16,0.69,0.71,0.67,0.03,0.77,0.02,0.96,0.24,0.5,0.36,0.22,0.85,0.08,0.31,0.65,COMPLETE
267,267,22.37169263,07:30.0,08:24.1,0 days 00:00:54.090339,0.32,0.08,0.4,1,0.29,0.36,0.43,0.56,0.15,0.71,0.66,0.72,0,0.81,0.03,0.98,0.22,0.5,0.3,0.23,0.88,0.1,0.34,0.71,COMPLETE
268,268,22.37544159,08:24.1,09:13.6,0 days 00:00:49.496792,0.38,0.09,0.36,0.99,0.31,0.39,0.46,0.5,0.15,0.66,0.77,0.69,0.05,0.77,0,1,0.23,0.56,0.32,0.19,0.89,0.07,0.29,0.6,COMPLETE
269,269,22.33335798,09:13.6,10:03.1,0 days 00:00:49.509159,0.35,0.1,0.4,1,0.29,0.38,0.48,0.5,0.14,0.68,0.64,0.67,0.08,0.79,0.02,0.96,0.21,0.48,0.3,0.25,0.86,0.11,0.3,0.62,COMPLETE
270,270,22.33501161,10:03.1,10:47.2,0 days 00:00:44.053045,0.35,0.11,0.38,0.98,0.32,0.38,0.47,0.5,0.14,0.71,0.64,0.66,0.08,0.86,0.03,0.95,0.21,0.48,0.29,0.27,0.85,0.11,0.29,0.62,COMPLETE
271,271,23.2718939,10:47.2,11:27.2,0 days 00:00:39.988928,0.35,0.11,0.37,0.98,0.29,0.39,0.48,0.49,0.52,0.7,0.68,0.66,0.09,0.85,0.03,0.95,0.21,0.48,0.33,0.25,0.84,0.11,0.37,0.62,COMPLETE
272,272,22.30656006,11:27.2,12:01.4,0 days 00:00:34.269553,0.4,0.1,0.42,0.98,0.32,0.38,0.48,0.5,0.14,0.71,0.63,0.65,0.11,0.94,0.05,0.96,0.21,0.48,0.36,0.27,0.89,0.11,0.29,0.62,COMPLETE
273,273,22.31960601,12:01.4,12:39.7,0 days 00:00:38.233116,0.4,0.11,0.38,0.98,0.32,0.39,0.48,0.5,0.14,0.72,0.65,0.65,0.11,0.93,0.05,0.96,0.21,0.48,0.28,0.27,0.89,0.06,0.29,0.62,COMPLETE
274,274,22.32819301,12:39.7,13:11.6,0 days 00:00:31.927496,0.4,0.11,0.36,0.98,0.34,0.39,0.48,0.49,0.14,0.72,0.66,0.66,0.09,0.91,0.05,0.95,0.21,0.48,0.35,0.27,0.9,0.06,0.29,0.62,COMPLETE
275,275,22.31262248,13:11.6,14:08.6,0 days 00:00:57.012881,0.4,0.11,0.42,0.98,0.34,0.39,0.48,0.49,0.14,0.72,0.64,0.65,0.14,0.93,0.05,0.95,0.2,0.47,0.28,0.27,0.89,0.05,0.29,0.63,COMPLETE
276,276,23.34863879,14:08.6,14:59.3,0 days 00:00:50.663188,0.41,0.11,0.42,0.98,0.34,0.39,0.53,0.49,0.93,0.72,0.64,0.65,0.14,0.95,0.05,0.95,0.2,0.48,0.38,0.27,0.9,0.06,0.29,0.62,COMPLETE
277,277,22.32240954,14:59.3,15:36.8,0 days 00:00:37.547915,0.4,0.12,0.36,0.98,0.34,0.39,0.48,0.47,0.13,0.72,0.65,0.65,0.11,0.91,0.05,0.94,0.21,0.48,0.35,0.27,0.89,0.05,0.28,0.63,COMPLETE
278,278,22.42898975,15:36.8,16:26.9,0 days 00:00:50.101260,0.4,0.12,0.37,0.98,0.34,0.39,0.49,0.49,0.17,0.72,0.63,0.65,0.11,0.93,0.05,0.96,0.2,0.49,0.36,0.27,0.89,0.06,0.27,0.63,COMPLETE
279,279,22.34241009,16:26.9,17:03.3,0 days 00:00:36.384220,0.41,0.11,0.35,0.98,0.33,0.39,0.51,0.49,0.14,0.71,0.58,0.66,0.1,0.92,0.03,0.94,0.21,0.48,0.41,0.26,0.89,0.04,0.29,0.62,COMPLETE
280,280,22.32492002,17:03.3,17:42.2,0 days 00:00:38.854506,0.41,0.11,0.35,0.98,0.35,0.39,0.5,0.5,0.13,0.71,0.65,0.65,0.11,0.91,0.05,0.93,0.21,0.47,0.42,0.26,0.8,0.04,0.27,0.62,COMPLETE
281,281,22.81040657,17:42.2,18:16.3,0 days 00:00:34.155740,0.42,0.12,0.36,0.28,0.35,0.39,0.51,0.47,0.13,0.71,0.59,0.65,0.11,0.9,0.05,0.93,0.2,0.47,0.43,0.27,0.8,0.04,0.29,0.59,COMPLETE
282,282,22.32946109,18:16.3,19:19.8,0 days 00:01:03.425466,0.4,0.12,0.35,0.98,0.33,0.39,0.52,0.48,0.13,0.74,0.66,0.66,0.16,0.97,0.03,0.93,0.21,0.46,0.47,0.25,0.84,0.06,0.28,0.61,COMPLETE
283,283,22.32713008,19:19.8,19:59.7,0 days 00:00:39.943942,0.4,0.12,0.35,0.98,0.34,0.39,0.52,0.48,0.13,0.74,0.67,0.66,0.15,0.96,0.03,0.93,0.21,0.46,0.41,0.26,0.84,0.05,0.28,0.58,COMPLETE
284,284,23.79444199,19:59.7,20:56.9,0 days 00:00:57.204361,0.41,0.12,0.35,0.98,0.33,0.39,0.53,0.47,0.13,0.74,0.59,0.65,0.14,0.96,0.03,0.89,0.7,0.47,0.41,0.25,0.84,0.05,0.28,0.58,COMPLETE
285,285,22.33490059,20:56.9,21:49.2,0 days 00:00:52.263247,0.4,0.08,0.35,0.98,0.36,0.39,0.52,0.49,0.13,0.72,0.64,0.66,0.16,0.92,0.06,0.93,0.2,0.47,0.48,0.28,0.79,0.04,0.27,0.62,COMPLETE
286,286,22.31623451,21:49.2,22:25.2,0 days 00:00:36.038910,0.4,0.07,0.37,0.98,0.35,0.35,0.55,0.46,0.13,0.73,0.64,0.66,0.17,0.98,0.06,0.92,0.2,0.46,0.48,0.28,0.84,0.06,0.27,0.6,COMPLETE
287,287,22.30916963,22:25.2,23:05.9,0 days 00:00:40.690803,0.4,0.03,0.37,0.98,0.36,0.35,0.54,0.47,0.13,0.73,0.65,0.64,0.18,0.98,0.06,0.93,0.2,0.46,0.33,0.28,0.79,0.06,0.26,0.58,COMPLETE
288,288,22.41356049,23:05.9,24:01.1,0 days 00:00:55.187585,0.4,0.03,0.36,0.97,0.36,0.39,0.54,0.48,0.17,0.73,0.64,0.64,0.17,0.97,0.06,0.92,0.2,0.46,0.47,0.28,0.79,0.05,0.27,0.58,COMPLETE
289,289,22.36146501,24:01.1,24:39.2,0 days 00:00:38.079799,0.43,0.07,0.38,0.98,0.35,0.35,0.59,0.5,0.13,0.74,0.67,0.66,0.17,1,0.06,0.92,0.18,0.46,0.5,0.28,0.79,0.07,0.28,0.56,COMPLETE
290,290,22.93835867,24:39.2,25:09.3,0 days 00:00:30.065944,0.4,0.02,0.42,0.08,0.36,0.39,0.56,0.47,0.13,0.72,0.65,0.64,0.19,0.87,0.05,0.93,0.21,0.47,0.44,0.26,0.84,0.03,0.26,0.57,COMPLETE
291,291,22.45399269,25:09.3,25:51.8,0 days 00:00:42.550691,0.42,0.08,0.37,0.98,0.33,0.34,0.52,0.45,0.17,0.71,0.63,0.66,0.12,0.94,0.04,0.94,0.18,0.45,0.49,0.24,0.8,0.06,0.9,0.6,COMPLETE
292,292,22.27147094,25:51.8,27:04.1,0 days 00:01:12.242055,0.43,0.93,0.35,0.96,0.28,0.35,0.57,0.5,0.13,0.74,0.67,0.72,0.16,0.97,0.06,0.89,0.25,0.48,0.45,0.29,0.84,0.04,0.28,0.59,COMPLETE
293,293,22.34364445,27:04.1,28:22.5,0 days 00:01:18.441283,0.43,0.7,0.35,0.96,0.28,0.35,0.57,0.48,0.13,0.74,0.67,0.64,0.21,0.97,0.06,0.89,0.19,0.45,0.45,0.29,0.82,0.04,0.26,0.6,COMPLETE
294,294,22.37638974,28:22.5,29:22.5,0 days 00:00:59.957178,0.4,0.04,0.36,0.96,0.35,0.34,0.56,0.46,0.17,0.75,0.61,0.71,0.16,0.9,0.07,0.91,0.25,0.48,0.46,0.25,0.84,0.69,0.28,0.58,COMPLETE
295,295,23.28364391,29:22.5,30:24.7,0 days 00:01:02.270913,0.43,0.07,0.42,0.98,0.28,0.4,0.6,0.5,0.64,0.73,0.67,0.73,0.13,0.93,0.04,0.9,0.25,0.45,0.38,0.29,0.81,0.07,0.25,0.6,COMPLETE
296,296,22.3341794,30:24.7,31:18.6,0 days 00:00:53.830489,0.4,0.13,0.38,0.96,0.37,0.35,0.52,0.54,0.13,0.72,0.68,0.67,0.16,0.97,0.03,0.97,0.21,0.47,0.42,0.25,0.78,0.02,0.27,0.56,COMPLETE
297,297,23.29549587,31:18.6,33:09.9,0 days 00:01:51.339037,0.42,0.13,0.37,0.96,0.33,0.84,0.55,0.54,0.13,0.75,0.68,0.64,0.13,0.98,0.03,0.97,0.25,0.44,0.42,0.24,0.84,0.01,0.33,0.56,COMPLETE
298,298,23.01774784,33:09.9,33:54.4,0 days 00:00:44.465023,0.39,0.13,0.38,0.96,0.29,0.35,0.5,0.45,0.09,0.7,0.66,0.7,0.14,0.99,0.03,0.97,0.05,0.48,0.36,0.26,0.85,0.02,0.25,0.58,COMPLETE
299,299,22.32746845,33:54.4,34:47.7,0 days 00:00:53.353639,0.43,0.08,0.42,0.98,0.34,0.35,0.54,0.55,0.17,0.73,0.61,0.67,0.15,0.96,0.05,0.14,0.25,0.46,0.33,0.24,0.78,0.07,0.29,0.56,COMPLETE
300,300,22.38813041,32:20.3,33:30.2,0 days 00:01:09.893895,0.43,0.8,0.43,0.98,0.34,0.34,0.56,0.57,0.17,0.74,0.62,0.71,0.09,0.95,0.08,0.92,0.21,0.44,0.33,0.24,0.82,0.07,0.29,0.59,COMPLETE
301,301,24.44387698,33:30.2,34:33.8,0 days 00:01:03.611976,0.43,0.08,0.42,0.01,0.28,0.38,0.62,0.47,0.08,0.7,0.66,0.64,0.22,0.74,0.05,0.13,0.25,0.45,0.34,0.3,0.89,0.05,0.29,0.61,COMPLETE
302,302,23.41421486,34:33.9,35:34.6,0 days 00:01:00.772442,0.41,0.05,0.33,0.98,0.33,0.4,0.54,0.44,0.14,0.74,0.65,0.67,0.19,0.95,0.02,0,0.89,0.49,0.33,0.23,0.85,0.07,0.35,0.62,COMPLETE
303,303,22.44167184,35:34.6,36:33.9,0 days 00:00:59.246933,0.37,0.07,0.42,0.98,0.35,0.35,0.49,0.52,0.17,0.72,0.62,0.99,0.11,0.88,0.06,0.94,0.18,0.46,0.39,0.26,0.89,0.07,0.25,0.58,COMPLETE
304,304,22.25738925,36:33.9,37:34.3,0 days 00:01:00.448877,0.44,0.1,0.38,0.96,0.29,0.38,0.58,0.48,0.14,0.75,0.68,0.63,0.15,0.91,0.1,0.89,0.25,0.44,0.32,0.23,0.83,0.05,0.27,0.6,COMPLETE
305,305,24.26555072,37:34.3,38:58.9,0 days 00:01:24.584573,0.44,0.1,0.38,0.18,0.29,0.38,0.6,0.48,0.78,0.75,0.68,0.63,0.15,0.91,0.1,0.24,0.25,0.43,0.32,0.27,0.83,0.05,0.27,0.59,COMPLETE
306,306,22.72631825,38:58.9,40:14.8,0 days 00:01:15.918388,0.39,0.84,0.41,0.96,0.32,0.34,0.58,0.01,0.17,0.7,0.66,0.66,0,0.99,0.08,0.86,0.21,0.49,0.36,0.24,0.9,0.05,0.33,0.56,COMPLETE
307,307,22.27968548,40:14.8,41:04.8,0 days 00:00:49.943065,0.42,0.11,0.36,0.98,0.28,0.37,0.54,0.46,0.14,0.73,0.6,0.73,0.1,0.9,0.05,0.89,0.25,0.46,0.31,0.28,0.92,0.08,0.28,0.6,COMPLETE
308,308,22.32402508,41:04.8,42:19.7,0 days 00:01:14.950317,0.42,0,0.35,0.98,0.32,0.36,0.54,0.46,0.16,0.75,0.55,0.75,0.12,0.89,0.05,0.9,0.24,0.45,0.32,0.3,0.92,0.03,0.25,0.52,COMPLETE
309,309,22.4593936,42:19.7,43:03.1,0 days 00:00:43.359578,0.44,0.01,0.34,0.96,0.27,0.36,0.57,0.46,0.19,0.75,0.55,0.77,0.12,0.89,0.07,0.89,0.25,0.44,0.34,0.3,0.92,0.04,0.25,0.52,COMPLETE
310,310,23.87223284,43:03.1,43:41.8,0 days 00:00:38.693820,0.43,0,0.38,0.95,0.29,0.34,0.54,0.45,0.16,0.72,0.73,0.75,0.1,0.91,0.1,0.88,0.78,0.44,0.32,0.29,0.92,0.03,0.25,0.54,COMPLETE
311,311,22.29206585,43:41.8,44:14.1,0 days 00:00:32.363328,0.42,0.03,0.36,0.98,0.32,0.36,0.55,0.44,0.16,0.73,0.51,0.73,0.56,0.94,0.06,0.9,0.25,0.46,0.28,0.28,0.92,0.01,0.27,0.57,COMPLETE
312,312,22.36273495,44:14.1,44:59.7,0 days 00:00:45.562020,0.41,0.94,0.36,0.96,0.37,0.34,0.57,0.45,0.17,0.75,0.49,0.74,0.13,0.94,0.05,0.9,0.25,0.43,0.28,0.28,0.96,0,0.27,0.53,COMPLETE
313,313,23.14780414,44:59.7,45:40.7,0 days 00:00:41.008876,0.42,0.05,0.33,0.98,0.32,0.32,0.59,0.43,0.46,0.73,0.54,0.73,0.57,0.93,0.08,0.91,0.25,0.45,0.32,0.3,0.93,0.02,0.62,0.57,COMPLETE
314,314,22.4196597,45:40.7,46:21.4,0 days 00:00:40.702862,0.44,0.04,0.44,0.93,0.35,0.36,0.55,0.46,0.16,0.76,0.59,0.78,0.19,0.88,0.05,0.89,0.29,0.49,0.35,0.27,0.92,0.07,0.24,0.51,COMPLETE
315,315,22.33750586,46:21.4,47:01.6,0 days 00:00:40.141388,0.42,0.02,0.35,0.95,0.29,0.36,0.54,0.44,0.14,0.71,0.6,0.71,0.25,0.91,0.05,0.08,0.25,0.46,0.38,0.3,0.9,0,0.23,0.56,COMPLETE
316,316,22.42085639,47:01.6,47:44.9,0 days 00:00:43.324436,0.44,0.04,0.37,0.98,0.33,0.33,0.51,0.47,0.09,0.73,0.62,0.76,0.64,0.95,0.09,0.92,0.19,0.43,0.27,0.23,0.95,0.03,0.29,0.54,COMPLETE
317,317,23.03508889,47:44.9,48:24.4,0 days 00:00:39.458123,0.41,0.02,0.31,0.98,0.27,0.38,0.53,0.51,0.36,0.76,0.68,0.73,0.11,0.89,0.06,0.86,0.25,0.46,0.31,0.26,0.9,0.08,0.27,0.5,COMPLETE
318,318,22.45682421,48:24.4,49:07.0,0 days 00:00:42.639903,0.45,0.07,0.39,0.96,0.32,0.35,0.64,0.44,0.19,0.72,0.56,0.63,0.15,0.93,0.07,0.88,0.22,0.42,0.37,0.28,0.89,0.04,0.25,0.59,COMPLETE
319,319,22.42519135,49:07.0,49:51.8,0 days 00:00:44.852061,0.39,0.1,0.33,0.92,0.35,0.4,0.49,0.49,0.14,0.7,0.51,0.7,0.48,0.96,0.12,0.19,0.18,0.49,0.4,0.23,0.93,0.08,0.29,0.57,COMPLETE
320,320,22.42601156,49:51.8,50:32.8,0 days 00:00:40.970006,0.42,0.13,0.36,0.98,0.37,0.37,0.55,0.47,0.17,0.74,0.72,0.72,0.18,1,0.04,0.91,0.25,0.54,0.28,0.28,0.86,0.05,1,0.59,COMPLETE
321,321,22.31527837,50:32.8,51:25.2,0 days 00:00:52.406761,0.45,0,0.41,1,0.29,0.33,0.58,0.52,0.12,0.78,0.61,0.63,0.13,0.83,0.02,0.94,0.29,0.44,0.34,0.3,0.91,0.02,0.23,0.56,COMPLETE
322,322,23.23582734,51:25.2,52:07.6,0 days 00:00:42.370242,0.45,0.01,0.42,1,0.29,0.32,0.57,0.56,0.12,0.76,0.53,0.63,0.13,0.83,0.03,0.93,0.01,0.44,0.32,0.32,0.92,0.02,0.23,0.52,COMPLETE
323,323,22.41137741,52:07.6,52:52.2,0 days 00:00:44.579713,0.44,1,0.44,0.96,0.27,0.34,0.61,0.55,0.09,0.77,0.61,0.8,0.15,0.76,0.02,0.9,0.29,0.42,0.28,0.95,0.95,0,0.26,0.55,COMPLETE
324,324,22.32908912,52:52.2,53:44.9,0 days 00:00:52.723976,0.46,0,0.42,1,0.3,0.31,0.57,0.52,0.12,0.79,0.63,0.64,0.12,0.85,0.02,0.93,0.29,0.45,0.34,0.3,0.88,0.03,0.23,0.56,COMPLETE
325,325,23.01828107,53:44.9,54:41.8,0 days 00:00:56.930739,0.94,0.03,0.39,0.94,0.59,0.33,0.59,0.53,0.16,0.05,0.6,0.75,0.05,0.95,0.1,0.85,0.24,0.47,0.31,0.23,0.81,0.08,0.24,0.98,COMPLETE
326,326,22.47908399,54:41.8,55:32.2,0 days 00:00:50.361369,0.42,0.06,0.41,0.98,0.32,0.35,0.54,0.43,0.08,0.78,0.58,0.63,0.2,0.73,0.08,0.94,0.26,0.43,0.27,0.31,0.78,0.05,0.26,0.53,COMPLETE
327,327,23.45704115,55:32.2,56:10.0,0 days 00:00:37.814434,0.44,0,0.46,0.96,0.95,0.37,0.51,0.46,0.11,0.74,0.68,0.7,0.17,0.87,0.02,0.88,0.22,0.45,0.33,0.17,0.91,0.12,0.27,0.58,COMPLETE
328,328,22.29999437,56:10.0,56:54.9,0 days 00:00:44.897855,0.37,0.03,0.38,1,0.28,0.36,0.53,0.58,0.14,0.7,0.64,0.65,0.14,0.82,0.04,0.91,0.24,0.42,0.45,0.27,0.86,0.02,0.24,0.6,COMPLETE
329,329,22.33145636,56:54.9,57:34.4,0 days 00:00:39.483497,0.37,0.04,0.38,1,0.26,0.38,0.52,0.5,0.13,0.69,0.57,0.62,0.11,0.82,0.02,0.91,0.22,0.44,0.45,0.34,0.86,0.01,0.23,0.6,COMPLETE
330,330,22.48961581,57:34.4,58:12.9,0 days 00:00:38.483895,0.39,0.03,0.34,1,0.28,0.36,0.49,0.46,0.11,0.71,0.64,0.64,0.61,0.76,0.07,0.94,0.15,0.42,0.28,0.28,0.88,0.03,0.25,0.47,COMPLETE
331,331,22.72878326,58:12.9,59:09.3,0 days 00:00:56.445760,0.37,0.64,0.38,0.95,0.3,0.4,0.96,0.61,0.14,0.76,0.72,0.65,0,0.81,0.04,0.92,0.28,0.42,0.44,0.26,0.83,0,0.23,0.61,COMPLETE
332,332,24.20325813,59:09.3,59:58.8,0 days 00:00:49.448059,0.41,0.05,0.36,0.98,0.28,0.33,0.58,0.44,0.19,0.71,0.65,0.62,0.05,0.85,0.02,0.89,1,0.5,0.31,0.3,0.86,0.03,0.26,0.63,COMPLETE
333,333,22.45881984,59:58.8,00:41.0,0 days 00:00:42.231899,0.39,0.02,0.4,1,0.32,0.37,0.5,0.48,0.09,0.75,0.68,0.65,0.29,0.92,0.04,0.97,0.19,0.47,0.26,0.26,0.93,0.05,0.22,0.59,COMPLETE
334,334,22.68998027,00:41.0,01:29.7,0 days 00:00:48.655153,0.46,0.59,0.32,0.96,0.3,0.3,0.56,0.58,0.06,0.7,0.63,0.68,0.13,0.83,0.07,0.95,0.24,0.44,0.43,0.22,0.89,0.08,0.27,0.6,COMPLETE
335,335,23.04816581,01:29.7,02:21.4,0 days 00:00:51.752087,0.41,0.09,0.38,0.93,0.25,0.4,0.04,0.51,0.14,0.78,0.46,0.71,0.1,0.89,0.13,0.91,0.22,0.42,0.28,0.29,0.91,0.02,0.24,0.63,COMPLETE
336,336,22.45779187,02:21.4,03:16.2,0 days 00:00:54.790071,0.37,0.06,0.35,0.98,0.32,0.33,0.62,0.45,0.12,0.73,0.68,0.62,0.54,0.93,0.02,0.87,0.17,0.47,0.25,0.17,0.96,0.06,0.3,0.58,COMPLETE
337,337,22.32035526,03:16.2,04:38.6,0 days 00:01:22.384337,0.44,0.12,0.4,1,0.27,0.36,0.52,0.47,0.16,0.75,0.65,0.65,0.14,0.75,0.1,0.94,0.24,0.5,0.51,0.25,0.85,0.04,0.28,0.61,COMPLETE
338,338,22.34797937,04:38.6,06:10.6,0 days 00:01:31.964841,0.46,0.08,0.41,0.96,0.26,0.35,0.48,0.42,0.16,0.65,0.64,0.64,0.13,0.72,0.11,0.97,0.28,0.51,0.31,0.23,0.88,0.12,0.22,0.63,COMPLETE
339,339,22.46493835,06:10.6,07:06.1,0 days 00:00:55.514631,0.44,0,0.39,1,0.28,0.31,0.5,0.47,0.19,0.79,0.73,0.73,0.09,0.81,0.09,0.95,0.26,0.49,0.53,0.33,0.86,0.01,0.25,0.61,COMPLETE
340,340,22.35806174,07:06.1,07:59.4,0 days 00:00:53.336841,0.43,0.11,0.44,1,0.29,0.37,0.47,0.43,0.16,0.7,0.65,0.61,0.07,0.74,0.06,0.9,0.24,0.54,0.49,0.25,0.94,0.08,0.34,0.64,COMPLETE
341,341,23.3459583,07:59.4,08:41.7,0 days 00:00:42.254749,0.45,0.13,0.4,0.98,0.85,0.34,0.55,0.46,0.1,0.75,0.69,0.68,0.23,0.75,0.12,0.98,0.24,0.41,0.23,0.29,0.9,0.03,0.27,0.61,COMPLETE
342,342,22.52618593,08:41.7,09:29.7,0 days 00:00:48.050627,0.42,0.03,0.37,0.94,0.26,0.28,0.53,0.5,0.16,0.73,0.62,0.64,0.18,0.76,0.09,0.92,0.19,0.5,0.28,0.31,0.88,0.04,0.25,0.64,COMPLETE
