,number,value,datetime_start,datetime_complete,duration,params_precip_const_1,params_precip_const_2,params_precip_const_3,params_precip_const_4,params_precip_const_5,params_precip_const_6,params_precip_const_7,params_precip_const_8,params_precip_const_9,params_precip_const_10,params_precip_const_11,params_precip_const_12,params_residual_const_1,params_residual_const_2,params_residual_const_3,params_residual_const_4,params_residual_const_5,params_residual_const_6,params_residual_const_7,params_residual_const_8,params_residual_const_9,params_residual_const_10,params_residual_const_11,params_residual_const_12,state
0,0,27.07276191,16:08.8,16:51.1,0 days 00:00:42.269229,0.64,0.58,0.32,0.12,0.06,0.41,0.05,0.16,0.96,0.18,0.56,0.85,0.58,0.91,0.69,0.04,0.62,0.22,0.42,0.31,0.49,0.13,0.95,0.93,COMPLETE
1,1,24.63376813,16:51.1,17:31.3,0 days 00:00:40.167745,0.21,0.12,0.09,0.38,0.3,0.89,0.51,0.89,0.32,0.93,0.28,0.52,0.93,0.54,0.33,0.01,0.28,0.72,0.11,0.69,0.37,0.81,0.96,0.66,COMPLETE
2,2,24.66164497,17:31.3,18:05.5,0 days 00:00:34.277254,1,0.89,0.6,0.59,0.41,0.86,0.32,0.04,0.69,0.34,0.14,0.91,0.21,0.77,0.02,0.47,0.59,0.18,0.26,0.63,0.32,0.03,0.09,0.99,COMPLETE
3,3,23.83424671,18:05.5,18:57.3,0 days 00:00:51.770405,0.8,0.92,0.1,0.05,0.29,0.29,0.77,0.74,0.42,0.57,0.45,0.04,0.25,0.61,0.77,0.52,0.42,0.86,0.8,0.41,0.79,0.74,0.29,0.62,COMPLETE
4,4,24.98780414,18:57.3,20:11.0,0 days 00:01:13.722795,0.38,0.7,0.72,0.38,0.23,0.7,0.8,0.64,0.38,0.88,0.07,0.22,0.75,0.36,0.24,0.44,0.8,0.5,0.75,0.67,0.37,0.34,0.78,0.47,COMPLETE
5,5,25.32379423,20:11.0,20:46.5,0 days 00:00:35.442328,0.94,0.55,0.65,0.05,0.82,0.78,0.63,0.7,0.43,0.16,0.57,0.32,0.88,0.11,0.27,0.15,0.34,0.63,0.52,0.68,0.55,0.31,0.41,0.5,COMPLETE
6,6,25.75320878,20:46.5,21:25.3,0 days 00:00:38.851508,0.47,0.88,0.21,0.08,0.13,0.89,0.15,0.66,0.55,0.79,0.01,0.98,0.89,0.43,0.69,0.83,0.93,0.14,0.1,0.24,0.29,0.28,0.46,0.2,COMPLETE
7,7,24.60155294,21:25.3,22:18.7,0 days 00:00:53.401260,0.83,0.59,0.83,0,0.09,0.14,0.94,0.6,0.53,0.8,0.84,0,0.04,0.8,0.72,0.61,0.66,0.42,0.29,0.98,0.92,0.26,0.74,0.76,COMPLETE
8,8,24.35754779,22:18.7,22:49.2,0 days 00:00:30.421773,0.49,0.69,0.9,0.64,0.25,0.69,0.43,0.74,0.05,0.86,0.01,0.17,0.7,0.23,0.32,0.62,0.02,0.4,0.88,0.48,0.11,0.11,0.11,0.6,COMPLETE
9,9,24.23570399,22:49.2,23:31.6,0 days 00:00:42.389073,0.18,0,0.76,0.68,0.37,0.81,0.42,0.26,0.98,0.98,0.07,0.73,0.23,0.63,0.23,0.32,0.37,0.5,0.25,0.68,0.56,1,0.09,0.77,COMPLETE
10,10,23.9375932,23:31.6,24:05.8,0 days 00:00:34.215574,0.71,0.32,0.39,0.95,0.64,0,0.74,0.39,0.12,0.53,0.98,0.51,0.39,0.01,0.95,0.97,0.02,1,1,0.02,0.92,0.64,0.28,0.02,COMPLETE
11,11,23.84686613,24:05.8,24:55.3,0 days 00:00:49.574016,0.72,0.29,0.41,0.96,0.66,0.03,0.74,0.47,0.11,0.57,0.98,0.57,0.44,0.11,1,0.98,0.01,0.97,1,0.04,0.95,0.62,0.3,0.01,COMPLETE
12,12,24.2450483,24:55.3,25:32.4,0 days 00:00:37.086657,0.72,0.33,0.03,0.92,0.63,0.28,0.95,0.97,0.22,0.6,0.4,0.66,0.41,0.29,0.99,0.78,0.17,0.99,0.68,0.03,0.76,0.6,0.29,0.32,COMPLETE
13,13,27.95061324,25:32.4,26:16.7,0 days 00:00:44.310355,0.83,0.37,0.46,0.8,1,0.22,0.71,0.48,0,0.39,0.78,0.36,0.22,0.62,0.82,0.99,0.41,0.82,0.98,0.23,0.74,0.78,0.58,0,COMPLETE
14,14,25.11799828,26:16.8,26:55.1,0 days 00:00:38.377168,0.63,0.97,0.22,0.25,0.55,0.01,0.87,0.42,0.69,0.64,0.68,0.02,0.5,0.16,0.83,0.31,0.17,0.83,0.81,0.41,0.99,0.47,0.27,0.28,COMPLETE
15,15,25.06350646,26:55.1,27:28.4,0 days 00:00:33.307786,0.86,0.19,0.53,0.4,0.81,0.47,0.6,0.8,0.21,0.68,0.36,0.63,0,0.47,0.54,0.72,0.48,0.85,0.6,0.14,0.76,0.79,0.63,0.42,COMPLETE
16,16,23.274607,27:28.4,28:01.2,0 days 00:00:32.738702,0,0.42,0.19,0.81,0.49,0.36,0.82,0.33,0.26,0.38,0.97,0.4,0.28,0.61,0.89,0.87,0.19,0.68,0.88,0.87,0.83,0.97,0,0.16,COMPLETE
17,17,23.45948512,28:01.2,28:41.2,0 days 00:00:40.038253,0.02,0.77,0.16,0.78,0.47,0.35,1,0.3,0.27,0.39,0.67,0.37,0.3,0.99,0.55,0.65,0.21,0.63,0.86,1,0.68,0.97,0,0.15,COMPLETE
18,18,24.22445426,28:41.2,29:11.3,0 days 00:00:30.107502,0,0.75,0.25,0.78,0.48,0.53,1,0.29,0.31,0.02,0.8,0.37,0.13,1,0.51,0.87,0.19,0.64,0.67,1,0.63,0.96,0.03,0.22,COMPLETE
19,19,24.56329086,29:11.3,29:40.5,0 days 00:00:29.144490,0,0.44,1,0.81,0.51,0.56,0.85,0.01,0.22,0.42,0.66,0.41,0.33,0.76,0.59,0.69,0.28,0.29,0.88,0.86,0.66,0.87,0,0.14,COMPLETE
20,20,23.81050644,29:40.5,30:28.3,0 days 00:00:47.778512,0.16,0.79,0.13,0.52,0.78,0.38,0.9,0.29,0.67,0.24,0.87,0.19,0.61,0.88,0.4,0.87,0.13,0,0.51,0.85,0.84,0.93,0.18,0.14,COMPLETE
21,21,24.37921799,30:28.3,31:09.9,0 days 00:00:41.611148,0.13,0.77,0.14,0.54,0.79,0.39,0.9,0.3,0.71,0.27,0.88,0.22,0.58,0.99,0.44,0.88,0.12,0.63,0.45,0.85,0.86,0.91,0.17,0.12,COMPLETE
22,22,25.53867021,31:09.9,31:53.4,0 days 00:00:43.522297,0.3,0.82,0.27,0.72,0.73,0.36,0.99,0.16,0.8,0.24,0.9,0.14,0.63,0.87,0.42,0.77,0.26,0.72,0.58,0.84,0.84,1,0.18,0.31,COMPLETE
23,23,25.17166103,31:53.4,32:36.3,0 days 00:00:42.951904,0.08,0.48,0,0.46,0.96,0.15,0.84,0.17,0.56,0.45,0.72,0.28,0.31,0.89,0.07,0.63,0.07,0.05,0.9,0.91,0.66,0.89,0.2,0.12,COMPLETE
24,24,23.75951833,32:36.3,33:14.0,0 days 00:00:37.678046,0.27,0.66,0.17,0.85,0.45,0.6,0.61,0.36,0.81,0.01,0.92,0.46,0.13,0.71,0.61,0.9,0.12,0.36,0.01,0.76,0.87,0.73,0.01,0.37,COMPLETE
25,25,24.8054515,33:14.0,33:55.9,0 days 00:00:41.870270,0.28,0.65,0.36,0.88,0.42,0.99,0.6,0.38,0.86,0.03,0.98,0.47,0.11,0.7,0.59,0.55,0.23,0.37,0.35,0.78,0.68,0.69,0,0.39,COMPLETE
26,26,25.15113404,33:55.9,34:37.7,0 days 00:00:41.822236,0.07,0.45,0.17,1,0.56,0.59,0.67,0.22,0.31,0.11,0.61,0.44,0.14,0.69,0.9,0.92,0.53,0.55,0.03,0.76,0.87,0.55,0.12,0.39,COMPLETE
27,27,23.23295292,34:37.7,36:02.6,0 days 00:01:24.905613,0.35,0.64,0.31,0.86,0.47,0.63,0.24,0.57,0.15,0.32,0.73,0.29,0.32,0.54,0.64,0.78,0.1,0.73,0.74,0.58,0.01,0.46,0.41,0.23,COMPLETE
28,28,23.48588237,36:02.6,37:20.2,0 days 00:01:17.609814,0.37,0.54,0.31,0.73,0.34,0.45,0.22,0.57,0.16,0.35,0.75,0.29,0.34,0.54,0.87,0.69,0.32,0.74,0.72,0.58,0,0.5,0.4,0.21,COMPLETE
29,29,24.28223137,37:20.2,38:04.0,0 days 00:00:43.714217,0.57,0.61,0.32,0.63,0.19,0.28,0,0.56,0.26,0.47,0.48,0.77,0.47,0.38,0.67,0.79,0.08,0.57,0.79,0.93,0.23,0.42,0.84,0.06,COMPLETE
30,30,24.41374957,38:04.0,38:39.1,0 days 00:00:35.174485,0.07,0.41,0.48,0.22,0.55,0.66,0.11,0.1,0.07,0.31,0.61,0.12,0.28,0.52,0.75,0.72,0.22,0.78,0.91,0.54,0.46,0.4,0.56,0.25,COMPLETE
31,31,23.77352778,38:39.1,39:16.9,0 days 00:00:37.758416,0.41,0.52,0.3,0.73,0.36,0.5,0.23,0.54,0.16,0.35,0.75,0.31,0.36,0.56,0.88,0.69,0.34,0.7,0.7,0.59,0.03,0.53,0.39,0.21,COMPLETE
32,32,22.79997004,39:16.9,39:48.5,0 days 00:00:31.634770,0.36,0.52,0.07,0.75,0.01,0.45,0.27,0.53,0.16,0.39,0.53,0.25,0.35,0.4,0.81,0.59,0.32,0.76,0.74,0.49,0.01,0.22,0.36,0.09,COMPLETE
33,33,23.40268516,39:48.5,40:55.9,0 days 00:01:07.338740,0.24,0.6,0.05,0.87,0.03,0.33,0.33,0.45,0.27,0.5,0.53,0.39,0.52,0.32,0.65,0.43,0.27,0.67,0.62,0.45,0.16,0.19,0.49,0.09,COMPLETE
34,34,23.89658142,40:55.9,41:25.0,0 days 00:00:29.129602,0.24,0.24,0.07,0.88,0.01,0.21,0.31,0.47,0.38,0.5,0.55,0.26,0.51,0.33,0.79,0.47,0.45,0.89,0.62,0.42,0.12,0.17,0.48,0.08,COMPLETE
35,35,23.82482965,41:25.0,41:53.5,0 days 00:00:28.530676,0.34,0.62,0.06,0.84,0.13,0.43,0.31,0.51,0,0.2,0.31,0.09,0.52,0.44,0.65,0.39,0.57,0.68,0.81,0.36,0.08,0.2,0.67,0.06,COMPLETE
36,36,23.63701071,41:53.5,42:55.9,0 days 00:01:02.370572,0.43,0.5,0.12,1,0.16,0.63,0.39,0.43,0.46,0.3,0.2,0.57,0.19,0.24,0.74,0.56,0.3,0.78,0.75,0.52,0.19,0,0.35,0.17,COMPLETE
37,37,24.68508236,42:55.9,44:06.0,0 days 00:01:10.089855,0.56,0.57,0.03,0.9,0.05,0.73,0.51,0.64,0.36,0.69,0.53,0.4,0.68,0.39,0.65,0.22,0.71,0.91,0.55,0.46,0.06,0.09,0.55,0.08,COMPLETE
38,38,22.85545574,44:06.0,46:10.7,0 days 00:02:04.734109,0.32,0.39,0.21,0.6,0.28,0.32,0.23,0.8,0.16,0.51,0.44,0.22,0.42,0.49,0.92,0.42,0.26,0.56,0.66,0.31,0.19,0.23,0.45,0.27,COMPLETE
39,39,23.6162313,46:10.7,48:12.8,0 days 00:02:02.095550,0.54,0.39,0.57,0.57,0.3,0.53,0.21,0.81,0.17,0.42,0.44,0.08,0.41,0.58,0.91,0.52,0.38,0.57,0.77,0.3,0.4,0.36,0.94,0.55,COMPLETE
40,40,24.75864831,48:12.8,49:31.6,0 days 00:01:18.758967,0.32,0.15,0.23,0.63,0.22,0.24,0.09,0.9,0.08,0.11,0.21,0.24,0.25,0.49,0.83,0.06,0.08,0.48,0.67,0.29,0.26,0.25,0.43,0.33,COMPLETE
41,41,23.87155459,49:31.6,50:40.8,0 days 00:01:09.238967,0.45,0.47,0.08,0.68,0,0.32,0.36,0.69,0.27,0.54,0.46,0.32,0.55,0.43,0.93,0.4,0.25,0.76,0.64,0.36,0.16,0.21,0.48,0.26,COMPLETE
42,42,23.71608997,50:40.8,51:27.1,0 days 00:00:46.275289,0.38,0.72,0.2,0.75,0.08,0.41,0.27,0.62,0.17,0.47,0.4,0.19,0.37,0.32,0.72,0.26,0.97,0.67,0.47,0.63,0.32,0.15,0.52,0.1,COMPLETE
43,43,23.91371051,51:27.1,52:47.8,0 days 00:01:20.648302,0.2,0.55,0.08,0.85,0.27,0.14,0.16,0.75,0.12,0.38,0.5,0.25,0.44,0.66,0.79,0.39,0.15,0.6,0.73,0.21,0.16,0.06,0.35,0.18,COMPLETE
44,44,23.72094697,52:47.8,53:57.7,0 days 00:01:09.937059,0.22,0.27,0,0.67,0.12,0.48,0.46,0.36,0.35,0.61,0.59,0.54,0.18,0.26,0.95,0.43,0.29,0.52,0.95,0.35,0.02,0.31,0.65,0.94,COMPLETE
45,45,23.46562369,53:57.7,54:29.6,0 days 00:00:31.900816,0.13,0.38,0.19,0.93,0.4,0.32,0.18,0.87,0.23,0.5,0.31,0.34,0.97,0.48,0.86,0.34,0.4,0.45,0.85,0.44,0.11,0.25,0.35,0.04,COMPLETE
46,46,26.77268694,54:29.6,55:09.1,0 days 00:00:39.537582,0.35,0.67,0.41,0.46,0.06,0.09,0.27,1,0.04,0.74,0.52,0.42,0.27,0.59,0.69,0.58,0.05,0.92,0.56,0.16,0.21,0.36,0.45,0.77,COMPLETE
47,47,22.70008377,55:09.1,55:57.1,0 days 00:00:47.945097,0.5,0.34,0.27,0.83,0.3,0.25,0.37,0.43,0.11,0.54,0.38,0.49,0.82,0.17,0.98,0.49,0.35,0.81,0.83,0.5,0.06,0.13,0.24,0.45,COMPLETE
48,48,23.09333841,55:57.1,56:42.4,0 days 00:00:45.354555,0.49,0.05,0.27,0.59,0.6,0.25,0.54,0.5,0.11,0.56,0.25,0.49,0.78,0.05,0.98,0.48,0.46,0.8,0.93,0.55,0.07,0.12,0.22,0.48,COMPLETE
49,49,22.86969658,56:42.4,57:54.9,0 days 00:01:12.407860,0.62,0.07,0.36,0.6,0.32,0.18,0.53,0.52,0.13,0.54,0.22,0.69,0.8,0,1,0.49,0.47,0.87,0.95,0.56,0.06,0.1,0.22,0.49,COMPLETE
50,50,23.60806298,54:56.9,55:54.6,0 days 00:00:57.740396,0.65,0.03,0.36,0.58,0.32,0.18,0.54,0.52,0.05,0.56,0.24,0.88,0.83,0,1,0.49,0.45,0.94,0.95,0.66,0.08,0.11,0.24,0.48,COMPLETE
51,51,22.86128985,55:54.6,57:04.9,0 days 00:01:10.280258,0.51,0.07,0.27,0.48,0.24,0.26,0.46,0.59,0.1,0.63,0.13,0.64,0.8,0.09,0.96,0.52,0.5,0.82,0.84,0.56,0.05,0.06,0.23,0.52,COMPLETE
52,52,22.93858247,57:04.9,58:04.0,0 days 00:00:59.067492,0.51,0.07,0.27,0.48,0.23,0.26,0.46,0.68,0.1,0.65,0.13,0.74,0.8,0.07,0.96,0.52,0.52,0.81,0.83,0.51,0.05,0.06,0.23,0.54,COMPLETE
53,53,24.47124773,58:04.0,59:10.9,0 days 00:01:06.897087,0.62,0.08,0.36,0.31,0.22,0.1,0.45,0.69,0.01,0.64,0.12,0.78,0.89,0.16,0.95,0.59,0.53,0.85,0.83,0.5,0.11,0.05,0.32,0.67,COMPLETE
54,54,22.98190724,59:10.9,00:31.6,0 days 00:01:20.736948,0.53,0.12,0.44,0.43,0.26,0.27,0.4,0.78,0.1,0.75,0.15,0.67,0.76,0.08,0.97,0.53,0.63,0.89,0.84,0.62,0.03,0.01,0.14,0.55,COMPLETE
55,55,23.0267955,00:31.6,01:49.3,0 days 00:01:17.644506,0.6,0.21,0.27,0.35,0.38,0.21,0.49,0.66,0.19,0.61,0.07,0.68,0.83,0.18,0.93,0.35,0.53,0.97,0.79,0.5,0.13,0.06,0.25,0.43,COMPLETE
56,56,23.43414576,01:49.3,02:41.3,0 days 00:00:52.010439,0.66,0.11,0.52,0.5,0.18,0.09,0.36,0.85,0.13,0.7,0.37,0.82,0.72,0.12,0.84,0.51,0.71,0.83,0.98,0.4,0.05,0.09,0.31,0.68,COMPLETE
57,57,23.78663664,02:41.3,03:35.1,0 days 00:00:53.775488,0.5,0.32,0.23,0.55,0.28,0.17,0.57,0.74,0.03,0.84,0.16,0.63,0.82,0.03,1,0.44,0.36,0.87,0.9,0.54,0,0.15,0.24,0.53,COMPLETE
58,58,23.34344341,03:35.1,04:32.9,0 days 00:00:57.822066,0.77,0.17,0.37,0.47,0.23,0.3,0.48,0.6,0.08,0.64,0.04,0.74,0.94,0.19,0.91,0.64,0.59,0.95,0.82,0.71,0.27,0.3,0.06,0.62,COMPLETE
59,59,23.06836681,04:32.9,05:19.7,0 days 00:00:46.832050,0.42,0.07,0.11,0.67,0.32,0.19,0.42,0.41,0.21,0.59,0.12,0.94,0.64,0.06,0.96,0.28,0.5,0.8,0.2,0.72,0.19,0.22,0.16,0.45,COMPLETE
60,60,22.89494902,05:19.7,06:19.4,0 days 00:00:59.702907,0.46,0.01,0.7,0.61,0.16,0.24,0.65,0.59,0.08,0.52,0.3,0.72,0.86,0.12,0.8,0.59,0.42,0.76,0.77,0.47,0.14,0.03,0.27,0.72,COMPLETE
61,61,23.03619103,06:19.4,07:14.5,0 days 00:00:55.029911,0.45,0.01,0.67,0.5,0.19,0.23,0.67,0.61,0.07,0.53,0.3,0.7,0.8,0.13,0.8,0.61,0.43,0.76,0.78,0.48,0.08,0.04,0.27,0.75,COMPLETE
62,62,23.02496995,07:14.5,07:55.9,0 days 00:00:41.453162,0.52,0,0.8,0.63,0.15,0.14,0.65,0.66,0.12,0.45,0.36,0.62,0.86,0.11,0.85,0.46,0.5,0.82,0.87,0.38,0.14,0.14,0.21,0.58,COMPLETE
63,63,23.90896069,07:55.9,08:54.2,0 days 00:00:58.250762,0.58,0.09,0.89,0.41,0.12,0.04,0.55,0.56,0.19,0.67,0.19,0.82,0.73,0.21,0.92,0.55,0.4,0.28,0.76,0.62,0.09,0.08,0.09,0.85,COMPLETE
64,64,22.69125453,08:54.2,09:52.4,0 days 00:00:58.238532,0.47,0.14,0.66,0.6,0.25,0.26,0.37,0.71,0.14,0.73,0.26,0.72,0.9,0.04,0.89,0.51,0.34,0.87,0.71,0.56,0.05,0.02,0.33,0.52,COMPLETE
65,65,24.0396162,09:52.4,10:43.0,0 days 00:00:50.625135,0.47,0.15,0.68,0.6,0.43,0.39,0.28,0.91,0.04,0.95,0.27,0.61,0.92,0.03,0.88,0.56,0.33,0.87,0.71,0.57,0.04,0.02,0.33,0.35,COMPLETE
66,66,23.33513913,10:43.0,11:39.3,0 days 00:00:56.212472,0.41,0.21,0.73,0.71,0.33,0.29,0.36,0.54,0.14,0.72,0.4,0.71,0.92,0.09,0.77,0.67,0.36,0.75,0.65,0.47,0.23,0,0.38,0.63,COMPLETE
67,67,22.88615833,11:39.3,12:32.4,0 days 00:00:53.108746,0.68,0.34,0.6,0.54,0.29,0.35,0.76,0.49,0.19,0.42,0.32,0.58,1,0.16,0.16,0.6,0.43,0.7,0.69,0.66,0,0.11,0.28,0.71,COMPLETE
68,68,22.98211128,12:32.4,13:22.6,0 days 00:00:50.239714,0.71,0.35,0.63,0.53,0.35,0.35,0.76,0.45,0.24,0.42,0.34,0.58,0.99,0.02,0.17,0.41,0.32,0.71,0.69,0.64,0.01,0.12,0.38,0.41,COMPLETE
69,69,24.02316377,13:22.6,14:03.0,0 days 00:00:40.370545,0.68,0.27,0.58,0.78,0.29,0.45,0.33,0.48,0.29,0.77,0.43,0.53,0.97,0.15,0.04,0.5,0.57,0.84,0.66,0.6,0.1,0.24,0.3,0.51,COMPLETE
70,70,23.14568681,14:03.0,14:50.4,0 days 00:00:47.453312,0.92,0.29,0.62,0.36,0.39,0.39,0.38,0.82,0.19,0.6,0.34,0.65,0.88,0.29,0.29,0.35,0.38,1,0.6,0.67,0.32,0.17,0.44,0.64,COMPLETE
71,71,23.04893972,14:50.4,16:10.4,0 days 00:01:19.958503,0.76,0.04,0.78,0.61,0.25,0.31,0.79,0.71,0.14,0.51,0.27,0.78,0.86,0.13,0.14,0.6,0.41,0.79,0.74,0.55,0.05,0.09,0.27,0.71,COMPLETE
72,72,25.06950592,16:10.4,16:59.9,0 days 00:00:49.500123,0.6,0.43,0.73,0.66,0.2,0.35,0.71,0.6,0.6,0.47,0.23,0.59,1,0.21,0.89,0.58,0.48,0.91,0.38,0.44,0.14,0.04,0.27,0.29,COMPLETE
73,73,23.03786994,16:59.9,17:56.3,0 days 00:00:56.356091,0.47,0.11,0.67,0.56,0.1,0.21,0.43,0.54,0.08,0.53,0.4,0.55,0.94,0.09,0.82,0.47,0.43,0.65,0.72,0.7,0,0.18,0.19,0.74,COMPLETE
74,74,23.82516309,17:56.3,19:22.2,0 days 00:01:25.953038,0.39,0.35,0.59,0.53,0.16,0.25,0.51,0.49,0.19,0.4,0.18,0.7,0.85,0,0.94,0.55,0.87,0.72,0.8,0.08,0.19,0.11,0.15,0.82,COMPLETE
75,75,23.60545742,19:22.2,20:47.1,0 days 00:01:24.902548,0.3,0.17,0.69,0.43,0.29,0.42,0.58,0.44,0.02,0.43,0.29,0.65,0.68,0.04,0.35,0.63,0.3,0.76,0.87,0.52,0.07,0.28,0.36,0.7,COMPLETE
76,76,23.72597392,20:47.1,21:41.8,0 days 00:00:54.631926,0.55,0.14,0.5,0.69,0.31,0.17,0.29,0.58,0.43,0.58,0.09,0.82,0.91,0.1,0.98,0.73,0.35,0.6,0.92,0.33,0.03,0.14,0.3,0.46,COMPLETE
77,77,23.51982535,21:41.8,22:33.9,0 days 00:00:52.110948,0.47,0.47,0.15,0.61,0.36,0.28,0.24,0.4,0.24,0.8,0.34,0.76,0.46,0.27,0,0.67,0.23,0.88,0.69,0.26,0.58,0.03,0.33,0.59,COMPLETE
78,78,23.27754582,22:33.9,23:18.2,0 days 00:00:44.303261,0.61,0.24,0.54,0.65,0.27,0.34,0.7,0.63,0.16,0.37,0.48,0.49,0.96,0.19,0.86,0.53,0.46,0.69,0.77,0.57,0.16,0.22,0.52,0.86,COMPLETE
79,79,23.22995248,23:18.2,23:57.0,0 days 00:00:38.802163,0.39,0.41,0.34,0.77,0.25,0.12,0.63,0.72,0.09,0.46,0.43,0.18,0.76,0.39,0.89,0.45,0.25,0.84,0.96,0.42,0.1,0.07,0.2,0.51,COMPLETE
80,80,23.25131212,23:57.0,24:48.9,0 days 00:00:51.889923,0.57,0.03,0.41,0.57,0.21,0.37,0.19,0.52,0.06,0.48,0.22,0.72,0.9,0.15,0.5,0.61,0.39,0.78,0.53,0.48,0.12,0.16,0.12,0.81,COMPLETE
81,81,22.96373259,24:48.9,25:41.8,0 days 00:00:52.971431,0.51,0.06,0.29,0.49,0.25,0.25,0.45,0.77,0.11,0.64,0.1,0.68,0.8,0.07,0.95,0.5,0.48,0.82,0.83,0.51,0.05,0.1,0.25,0.55,COMPLETE
82,82,22.96035056,25:41.8,26:24.4,0 days 00:00:42.530850,0.44,0.08,0.24,0.51,0.16,0.27,0.41,0.68,0.14,0.67,0.01,0.74,0.8,0.07,1,0.53,0.52,0.81,0.75,0.54,0.05,0.06,0.22,0.57,COMPLETE
83,83,23.64658419,26:24.4,27:33.5,0 days 00:01:09.161884,0.68,0.02,0.19,0.48,0.22,0.19,0.48,0.59,0.1,0.56,0.25,0.6,0.4,0.05,0.92,0.57,0.43,0.74,0.89,0.59,0.03,0.03,0.28,0.43,COMPLETE
84,84,24.85687354,27:33.5,28:40.6,0 days 00:01:07.018023,0.33,0.51,0.63,0.82,0.34,0.23,0.36,0.65,0.2,0.54,0.17,0.85,0.85,0.46,0.97,0.42,0.56,0.86,0.85,0.5,0.47,0.13,0.23,0.5,COMPLETE
85,85,22.99567532,28:40.6,29:25.7,0 days 00:00:45.146632,0.53,0.1,0.33,0.44,0.24,0.31,0.33,0.55,0.17,0.62,0.32,0.64,0.78,0.13,0.81,0.38,0.31,0.94,0.82,0.73,0,0,0.43,0.61,COMPLETE
86,86,23.7564621,29:25.7,30:36.0,0 days 00:01:10.314579,0.36,0.05,0.71,0.55,0.06,0.26,0.52,0.34,0.93,0.52,0.14,0.15,0.37,0.24,0.77,0.48,0.61,0.78,0.79,0.65,0.07,0.19,0.17,0.37,COMPLETE
87,87,24.34681041,30:36.0,31:58.7,0 days 00:01:22.653124,0.48,0.13,0.26,0.71,0.91,0.06,0.12,0.63,0.13,0.7,0.28,0.74,0.73,0,0.91,0.52,0.28,0.9,0.71,0.61,0.14,0.1,0.4,0.65,COMPLETE
88,88,23.25203682,31:58.7,33:03.0,0 days 00:01:04.369134,0.28,0.32,0.44,0.52,0.18,0.29,0.45,0.47,0.06,0.66,0.38,0.69,0.88,0.17,0.87,0.45,0.2,0.66,0.63,0.56,0.09,0.07,0.33,0.53,COMPLETE
89,89,23.52999345,33:03.0,34:07.8,0 days 00:01:04.770922,0.75,0.2,0.21,0.59,0.52,0.33,0.58,0.77,0.22,0.85,0.46,0.07,0.69,0.1,0.94,0.66,0.55,0.62,1,0.39,0.4,0.04,0.36,0.48,COMPLETE
90,90,24.19032638,34:07.8,35:10.1,0 days 00:01:02.244964,0.64,0.24,0.55,0.75,0.14,0.16,0.38,0.72,0,0.49,0.2,0.76,0.83,0.06,0.39,0.59,0.34,0.7,0.59,0.8,0.02,0.13,0.29,0.4,COMPLETE
91,91,23.51348589,35:10.1,36:53.4,0 days 00:01:43.367336,0.44,0.08,0.24,0.52,0.1,0.2,0.42,0.67,0.15,0.74,0.06,0.74,0.81,0.07,1,0.53,0.5,0.8,0.75,0.53,0.05,0.06,0.22,0.57,COMPLETE
92,92,22.84892465,36:53.4,37:54.9,0 days 00:01:01.499565,0.41,0.17,0.18,0.62,0.16,0.27,0.4,0.51,0.1,0.58,0.04,0.8,0.78,0.02,0.98,0.54,0.53,0.81,0.74,0.53,0.06,0.02,0.25,0.57,COMPLETE
93,93,24.06601395,37:54.9,38:45.3,0 days 00:00:50.356755,0.4,0.17,0.28,0.62,0.3,0.22,0.3,0.52,0.1,0.57,0.05,0.8,0.78,0.52,0.96,0.5,0.65,0.85,0.68,0.45,0.18,0.08,0.26,0.52,COMPLETE
94,94,23.93954616,38:45.3,39:32.1,0 days 00:00:46.792024,0.51,0,0.18,0.64,0.27,0.24,0.25,0.46,0.03,0.62,0.01,0.88,0.75,0.02,0.98,0.55,0.47,0.73,0.81,0.48,0.12,0.02,0.19,0.45,COMPLETE
95,95,22.50085357,39:32.1,40:31.3,0 days 00:00:59.255091,0.55,0.45,0.13,0.69,0.19,0.37,0.34,0.51,0.17,0.43,0.12,0.67,0.87,0.04,0.9,0.63,0.42,0.76,0.73,0.42,0.07,0.02,0.13,0.54,COMPLETE
96,96,22.68482469,40:31.3,41:19.8,0 days 00:00:48.410328,0.58,0.45,0.13,0.75,0.2,0.43,0.34,0.51,0.17,0.33,0.1,0.23,0.87,0.42,0.84,0.61,0.44,0.13,0.73,0.42,0.07,0.02,0.15,0.7,COMPLETE
97,97,22.75744303,41:19.8,42:16.7,0 days 00:00:56.915771,0.56,0.46,0.17,0.8,0.2,0.44,0.31,0.42,0.25,0.36,0.09,0.23,0.88,0.4,0.45,0.75,0.37,0.14,0.73,0.43,0.07,0,0.07,0.68,COMPLETE
98,98,23.09543223,42:16.7,43:11.9,0 days 00:00:55.218546,0.59,0.53,0.1,0.83,0.19,0.54,0.34,0.38,0.3,0.28,0.09,0.22,0.88,0.41,0.48,0.75,0.39,0.17,0.73,0.42,0.09,0,0.07,0.6,COMPLETE
99,99,23.02787067,43:11.9,44:23.2,0 days 00:01:11.276395,0.56,0.45,0.13,0.75,0.12,0.5,0.27,0.42,0.25,0.33,0.1,0.2,0.34,0.36,0.47,0.71,0.37,0.08,0.65,0.33,0.22,0.02,0.13,0.67,COMPLETE
100,100,23.4111164,59:09.8,00:31.3,0 days 00:01:21.510644,0.54,0.57,0.04,0.8,0.04,0.43,0.2,0.43,0.33,0.36,0.56,0.28,0.44,0.45,0.84,0.63,0.45,0.24,0.71,0.38,0.03,0,0.1,0.49,COMPLETE
101,101,22.80573862,00:31.3,01:58.7,0 days 00:01:27.448314,0.67,0.49,0.16,0.69,0.2,0.46,0.35,0.5,0.19,0.41,0.03,0.23,0.95,0.41,0.11,0.8,0.44,0.06,0.68,0.43,0.07,0.08,0.05,0.79,COMPLETE
102,102,22.76286747,01:58.7,03:29.4,0 days 00:01:30.639149,0.65,0.47,0.16,0.69,0.2,0.46,0.31,0.51,0.17,0.4,0.03,0.23,0.95,0.35,0.22,0.81,0.33,0.11,0.67,0.27,0.08,0.05,0.05,0.77,COMPLETE
103,103,23.00540327,03:29.4,04:28.3,0 days 00:00:58.874166,0.31,0.49,0.16,0.74,0.18,0.49,0.31,0.5,0.17,0.39,0.03,0.16,0.9,0.41,0.11,0.83,0.33,0.12,0.67,0.27,0.07,0.05,0.04,0.79,COMPLETE
104,104,23.19157657,04:28.3,05:35.9,0 days 00:01:07.647359,0.73,0.4,0.09,0.69,0.21,0.46,0.35,0.46,0.23,0.34,0.02,0.24,0.92,0.35,0.21,0.81,0.26,0,0.73,0.32,0.11,0.02,0.07,0.84,COMPLETE
105,105,23.06214053,05:35.9,06:44.4,0 days 00:01:08.539355,0.65,0.45,0.14,0.77,0.08,0.4,0.39,0.38,0.28,0.44,0.08,0.26,0.95,0.5,0.24,0.77,0.35,0.1,0.61,0.23,0.08,0.07,0.05,0.91,COMPLETE
106,106,23.65339857,06:44.4,08:08.7,0 days 00:01:24.295143,0.63,0.38,0.12,0.7,0.14,0.51,0.26,0.54,0.21,0.23,0.05,0.34,0.97,0.34,0.09,0.85,0.29,0.03,0.57,0.41,0.17,0.05,0.02,0.73,COMPLETE
107,107,23.74402982,08:08.7,09:16.8,0 days 00:01:08.072621,0.37,0.47,0.22,0.73,0.02,0.44,0.22,0.92,0.17,0.29,0.11,0.13,0.93,0.38,0.05,0.92,0.37,0.2,0.63,0.36,0.02,0.08,0.09,0.77,COMPLETE
108,108,23.44662346,09:16.8,10:18.2,0 days 00:01:01.383427,0.49,0.5,0.16,0.79,0.23,0.57,0.32,0.56,0.47,0.26,0.07,0.11,0.84,0.42,0.29,0.8,0.41,0.05,0.78,0.21,0.1,0.03,0.15,0.76,COMPLETE
109,109,23.52362088,10:18.2,11:16.5,0 days 00:00:58.327007,0.58,0.56,0.06,0.67,0.17,0.37,0.29,0.5,0.18,0.41,0.14,0.22,0.98,0.44,0.21,0.7,0.17,0.14,0.7,0.44,0.13,0.16,0.12,0.68,COMPLETE
110,110,22.34515272,11:16.5,11:59.6,0 days 00:00:43.077947,0.55,0.43,0.2,0.9,0.2,0.41,0.38,0.32,0.15,0.32,0.03,0.3,0.87,0.31,0.55,0.74,0.31,0.08,0.67,0.43,0.06,0.09,0.03,0.69,COMPLETE
111,111,22.4921698,11:59.6,12:45.2,0 days 00:00:45.547888,0.56,0.43,0.2,0.9,0.2,0.47,0.38,0.25,0.12,0.32,0.03,0.3,0.9,0.29,0.54,0.75,0.24,0.08,0.65,0.43,0.07,0.09,0.02,0.65,COMPLETE
112,112,22.5327763,12:45.2,13:37.5,0 days 00:00:52.287712,0.55,0.37,0.2,0.97,0.19,0.47,0.37,0.19,0.15,0.31,0.03,0.3,0.94,0.3,0.55,0.75,0.24,0.17,0.66,0.43,0.07,0.34,0.03,0.69,COMPLETE
